node404@node404-main:~$ mkdir CVAT
node404@node404-main:~$ cd CVAT
node404@node404-main:~/CVAT$ python3 -m venv ~/CVAT
node404@node404-main:~/CVAT$ source ~/CVAT/bin/activate
(CVAT) node404@node404-main:~/CVAT$ pip install --upgrade pip wheel setuptools
Requirement already satisfied: pip in ./lib/python3.12/site-packages (24.0)
Collecting pip
  Downloading pip-25.3-py3-none-any.whl.metadata (4.7 kB)
Collecting wheel
  Downloading wheel-0.45.1-py3-none-any.whl.metadata (2.3 kB)
Collecting setuptools
  Downloading setuptools-80.9.0-py3-none-any.whl.metadata (6.6 kB)
Downloading pip-25.3-py3-none-any.whl (1.8 MB)
   ━━━━━━━━━━━━━━━━━━━━━━━━━━━━━━━━━━━━━━━━ 1.8/1.8 MB 41.8 MB/s eta 0:00:00
Downloading wheel-0.45.1-py3-none-any.whl (72 kB)
   ━━━━━━━━━━━━━━━━━━━━━━━━━━━━━━━━━━━━━━━━ 72.5/72.5 kB 10.0 MB/s eta 0:00:00
Downloading setuptools-80.9.0-py3-none-any.whl (1.2 MB)
   ━━━━━━━━━━━━━━━━━━━━━━━━━━━━━━━━━━━━━━━━ 1.2/1.2 MB 58.0 MB/s eta 0:00:00
Installing collected packages: wheel, setuptools, pip
  Attempting uninstall: pip
    Found existing installation: pip 24.0
    Uninstalling pip-24.0:
      Successfully uninstalled pip-24.0
Successfully installed pip-25.3 setuptools-80.9.0 wheel-0.45.1
(CVAT) node404@node404-main:~/CVAT$ pip install torch torchvision torchaudio --index-url http://download.pytorch.org/whl/cu121
Looking in indexes: http://download.pytorch.org/whl/cu121
WARNING: The repository located at download.pytorch.org is not a trusted or secure host and is being ignored. If this repository is available via HTTPS we recommend you use HTTPS instead, otherwise you may silence this warning and allow it anyway with '--trusted-host download.pytorch.org'.
ERROR: Could not find a version that satisfies the requirement torch (from versions: none)
WARNING: The repository located at download.pytorch.org is not a trusted or secure host and is being ignored. If this repository is available via HTTPS we recommend you use HTTPS instead, otherwise you may silence this warning and allow it anyway with '--trusted-host download.pytorch.org'.
ERROR: No matching distribution found for torch
(CVAT) node404@node404-main:~/CVAT$ pip install torch torchvision torchaudio --index-url https://download.pytorch.org/whl/cu121
Looking in indexes: https://download.pytorch.org/whl/cu121
Collecting torch
  Downloading https://download.pytorch.org/whl/cu121/torch-2.5.1%2Bcu121-cp312-cp312-linux_x86_64.whl (780.4 MB)
     ━━━━━━━━━━━━━━━━━━━━━━━━━━━━━━━━━━━━━━━━ 780.4/780.4 MB 75.1 MB/s  0:00:09
Collecting torchvision
  Downloading https://download.pytorch.org/whl/cu121/torchvision-0.20.1%2Bcu121-cp312-cp312-linux_x86_64.whl (7.3 MB)
     ━━━━━━━━━━━━━━━━━━━━━━━━━━━━━━━━━━━━━━━━ 7.3/7.3 MB 42.4 MB/s  0:00:00
Collecting torchaudio
  Downloading https://download.pytorch.org/whl/cu121/torchaudio-2.5.1%2Bcu121-cp312-cp312-linux_x86_64.whl (3.4 MB)
     ━━━━━━━━━━━━━━━━━━━━━━━━━━━━━━━━━━━━━━━━ 3.4/3.4 MB 59.4 MB/s  0:00:00
Collecting filelock (from torch)
  Downloading https://download.pytorch.org/whl/filelock-3.19.1-py3-none-any.whl.metadata (2.1 kB)
Collecting typing-extensions>=4.8.0 (from torch)
  Downloading https://download.pytorch.org/whl/typing_extensions-4.15.0-py3-none-any.whl.metadata (3.3 kB)
Collecting networkx (from torch)
  Downloading https://download.pytorch.org/whl/networkx-3.5-py3-none-any.whl.metadata (6.3 kB)
Collecting jinja2 (from torch)
  Downloading https://download.pytorch.org/whl/jinja2-3.1.6-py3-none-any.whl.metadata (2.9 kB)
Collecting fsspec (from torch)
  Downloading https://download.pytorch.org/whl/fsspec-2025.9.0-py3-none-any.whl.metadata (10 kB)
Collecting nvidia-cuda-nvrtc-cu12==12.1.105 (from torch)
  Downloading https://download.pytorch.org/whl/cu121/nvidia_cuda_nvrtc_cu12-12.1.105-py3-none-manylinux1_x86_64.whl (23.7 MB)
     ━━━━━━━━━━━━━━━━━━━━━━━━━━━━━━━━━━━━━━━━ 23.7/23.7 MB 66.9 MB/s  0:00:00
Collecting nvidia-cuda-runtime-cu12==12.1.105 (from torch)
  Downloading https://download.pytorch.org/whl/cu121/nvidia_cuda_runtime_cu12-12.1.105-py3-none-manylinux1_x86_64.whl (823 kB)
     ━━━━━━━━━━━━━━━━━━━━━━━━━━━━━━━━━━━━━━━━ 823.6/823.6 kB 33.3 MB/s  0:00:00
Collecting nvidia-cuda-cupti-cu12==12.1.105 (from torch)
  Downloading https://download.pytorch.org/whl/cu121/nvidia_cuda_cupti_cu12-12.1.105-py3-none-manylinux1_x86_64.whl (14.1 MB)
     ━━━━━━━━━━━━━━━━━━━━━━━━━━━━━━━━━━━━━━━━ 14.1/14.1 MB 77.1 MB/s  0:00:00
Collecting nvidia-cudnn-cu12==9.1.0.70 (from torch)
  Downloading https://download.pytorch.org/whl/cu121/nvidia_cudnn_cu12-9.1.0.70-py3-none-manylinux2014_x86_64.whl (664.8 MB)
     ━━━━━━━━━━━━━━━━━━━━━━━━━━━━━━━━━━━━━━━━ 664.8/664.8 MB 68.8 MB/s  0:00:08
Collecting nvidia-cublas-cu12==12.1.3.1 (from torch)
  Downloading https://download.pytorch.org/whl/cu121/nvidia_cublas_cu12-12.1.3.1-py3-none-manylinux1_x86_64.whl (410.6 MB)
     ━━━━━━━━━━━━━━━━━━━━━━━━━━━━━━━━━━━━━━━━ 410.6/410.6 MB 80.4 MB/s  0:00:05
Collecting nvidia-cufft-cu12==11.0.2.54 (from torch)
  Downloading https://download.pytorch.org/whl/cu121/nvidia_cufft_cu12-11.0.2.54-py3-none-manylinux1_x86_64.whl (121.6 MB)
     ━━━━━━━━━━━━━━━━━━━━━━━━━━━━━━━━━━━━━━━━ 121.6/121.6 MB 81.7 MB/s  0:00:01
Collecting nvidia-curand-cu12==10.3.2.106 (from torch)
  Downloading https://download.pytorch.org/whl/cu121/nvidia_curand_cu12-10.3.2.106-py3-none-manylinux1_x86_64.whl (56.5 MB)
     ━━━━━━━━━━━━━━━━━━━━━━━━━━━━━━━━━━━━━━━━ 56.5/56.5 MB 75.7 MB/s  0:00:00
Collecting nvidia-cusolver-cu12==11.4.5.107 (from torch)
  Downloading https://download.pytorch.org/whl/cu121/nvidia_cusolver_cu12-11.4.5.107-py3-none-manylinux1_x86_64.whl (124.2 MB)
     ━━━━━━━━━━━━━━━━━━━━━━━━━━━━━━━━━━━━━━━━ 124.2/124.2 MB 65.7 MB/s  0:00:01
Collecting nvidia-cusparse-cu12==12.1.0.106 (from torch)
  Downloading https://download.pytorch.org/whl/cu121/nvidia_cusparse_cu12-12.1.0.106-py3-none-manylinux1_x86_64.whl (196.0 MB)
     ━━━━━━━━━━━━━━━━━━━━━━━━━━━━━━━━━━━━━━━━ 196.0/196.0 MB 72.2 MB/s  0:00:02
Collecting nvidia-nccl-cu12==2.21.5 (from torch)
  Downloading https://download.pytorch.org/whl/nvidia_nccl_cu12-2.21.5-py3-none-manylinux2014_x86_64.whl (188.7 MB)
     ━━━━━━━━━━━━━━━━━━━━━━━━━━━━━━━━━━━━━━━━ 188.7/188.7 MB 84.0 MB/s  0:00:02
Collecting nvidia-nvtx-cu12==12.1.105 (from torch)
  Downloading https://download.pytorch.org/whl/cu121/nvidia_nvtx_cu12-12.1.105-py3-none-manylinux1_x86_64.whl (99 kB)
Collecting triton==3.1.0 (from torch)
  Downloading https://download.pytorch.org/whl/triton-3.1.0-cp312-cp312-manylinux_2_17_x86_64.manylinux2014_x86_64.whl (209.6 MB)
     ━━━━━━━━━━━━━━━━━━━━━━━━━━━━━━━━━━━━━━━━ 209.6/209.6 MB 70.3 MB/s  0:00:02
Requirement already satisfied: setuptools in ./lib/python3.12/site-packages (from torch) (80.9.0)
Collecting sympy==1.13.1 (from torch)
  Downloading https://download.pytorch.org/whl/sympy-1.13.1-py3-none-any.whl (6.2 MB)
     ━━━━━━━━━━━━━━━━━━━━━━━━━━━━━━━━━━━━━━━━ 6.2/6.2 MB 73.9 MB/s  0:00:00
Collecting nvidia-nvjitlink-cu12 (from nvidia-cusolver-cu12==11.4.5.107->torch)
  Downloading https://download.pytorch.org/whl/nvidia_nvjitlink_cu12-12.9.86-py3-none-manylinux2010_x86_64.manylinux_2_12_x86_64.whl.metadata (1.7 kB)
Collecting mpmath<1.4,>=1.1.0 (from sympy==1.13.1->torch)
  Downloading https://download.pytorch.org/whl/mpmath-1.3.0-py3-none-any.whl (536 kB)
     ━━━━━━━━━━━━━━━━━━━━━━━━━━━━━━━━━━━━━━━━ 536.2/536.2 kB 20.1 MB/s  0:00:00
Collecting numpy (from torchvision)
  Downloading https://download.pytorch.org/whl/numpy-2.3.3-cp312-cp312-manylinux_2_27_x86_64.manylinux_2_28_x86_64.whl.metadata (62 kB)
Collecting pillow!=8.3.*,>=5.3.0 (from torchvision)
  Downloading https://download.pytorch.org/whl/pillow-11.3.0-cp312-cp312-manylinux_2_27_x86_64.manylinux_2_28_x86_64.whl.metadata (9.0 kB)
Collecting MarkupSafe>=2.0 (from jinja2->torch)
  Downloading https://download.pytorch.org/whl/MarkupSafe-2.1.5-cp312-cp312-manylinux_2_17_x86_64.manylinux2014_x86_64.whl (28 kB)
Downloading https://download.pytorch.org/whl/pillow-11.3.0-cp312-cp312-manylinux_2_27_x86_64.manylinux_2_28_x86_64.whl (6.6 MB)
   ━━━━━━━━━━━━━━━━━━━━━━━━━━━━━━━━━━━━━━━━ 6.6/6.6 MB 76.6 MB/s  0:00:00
Downloading https://download.pytorch.org/whl/typing_extensions-4.15.0-py3-none-any.whl (44 kB)
Downloading https://download.pytorch.org/whl/filelock-3.19.1-py3-none-any.whl (15 kB)
Downloading https://download.pytorch.org/whl/fsspec-2025.9.0-py3-none-any.whl (199 kB)
Downloading https://download.pytorch.org/whl/jinja2-3.1.6-py3-none-any.whl (134 kB)
Downloading https://download.pytorch.org/whl/networkx-3.5-py3-none-any.whl (2.0 MB)
   ━━━━━━━━━━━━━━━━━━━━━━━━━━━━━━━━━━━━━━━━ 2.0/2.0 MB 65.9 MB/s  0:00:00
Downloading https://download.pytorch.org/whl/numpy-2.3.3-cp312-cp312-manylinux_2_27_x86_64.manylinux_2_28_x86_64.whl (16.6 MB)
   ━━━━━━━━━━━━━━━━━━━━━━━━━━━━━━━━━━━━━━━━ 16.6/16.6 MB 77.1 MB/s  0:00:00
Downloading https://download.pytorch.org/whl/nvidia_nvjitlink_cu12-12.9.86-py3-none-manylinux2010_x86_64.manylinux_2_12_x86_64.whl (39.7 MB)
   ━━━━━━━━━━━━━━━━━━━━━━━━━━━━━━━━━━━━━━━━ 39.7/39.7 MB 77.1 MB/s  0:00:00
Installing collected packages: mpmath, typing-extensions, sympy, pillow, nvidia-nvtx-cu12, nvidia-nvjitlink-cu12, nvidia-nccl-cu12, nvidia-curand-cu12, nvidia-cufft-cu12, nvidia-cuda-runtime-cu12, nvidia-cuda-nvrtc-cu12, nvidia-cuda-cupti-cu12, nvidia-cublas-cu12, numpy, networkx, MarkupSafe, fsspec, filelock, triton, nvidia-cusparse-cu12, nvidia-cudnn-cu12, jinja2, nvidia-cusolver-cu12, torch, torchvision, torchaudio
Successfully installed MarkupSafe-2.1.5 filelock-3.19.1 fsspec-2025.9.0 jinja2-3.1.6 mpmath-1.3.0 networkx-3.5 numpy-2.3.3 nvidia-cublas-cu12-12.1.3.1 nvidia-cuda-cupti-cu12-12.1.105 nvidia-cuda-nvrtc-cu12-12.1.105 nvidia-cuda-runtime-cu12-12.1.105 nvidia-cudnn-cu12-9.1.0.70 nvidia-cufft-cu12-11.0.2.54 nvidia-curand-cu12-10.3.2.106 nvidia-cusolver-cu12-11.4.5.107 nvidia-cusparse-cu12-12.1.0.106 nvidia-nccl-cu12-2.21.5 nvidia-nvjitlink-cu12-12.9.86 nvidia-nvtx-cu12-12.1.105 pillow-11.3.0 sympy-1.13.1 torch-2.5.1+cu121 torchaudio-2.5.1+cu121 torchvision-0.20.1+cu121 triton-3.1.0 typing-extensions-4.15.0
(CVAT) node404@node404-main:~/CVAT$ python -c "import torch; print(torch.cuda.is_available())"
True
(CVAT) node404@node404-main:~/CVAT$ >> ~/Desktop/cmd.txt
(CVAT) node404@node404-main:~/CVAT$ pip install -U openmim
Collecting openmim
  Downloading openmim-0.3.9-py2.py3-none-any.whl.metadata (16 kB)
Collecting Click (from openmim)
  Downloading click-8.3.0-py3-none-any.whl.metadata (2.6 kB)
Collecting colorama (from openmim)
  Downloading colorama-0.4.6-py2.py3-none-any.whl.metadata (17 kB)
Collecting model-index (from openmim)
  Downloading model_index-0.1.11-py3-none-any.whl.metadata (3.9 kB)
Collecting opendatalab (from openmim)
  Downloading opendatalab-0.0.10-py3-none-any.whl.metadata (6.4 kB)
Collecting pandas (from openmim)
  Downloading pandas-2.3.3-cp312-cp312-manylinux_2_24_x86_64.manylinux_2_28_x86_64.whl.metadata (91 kB)
Requirement already satisfied: pip>=19.3 in ./lib/python3.12/site-packages (from openmim) (25.3)
Collecting requests (from openmim)
  Downloading requests-2.32.5-py3-none-any.whl.metadata (4.9 kB)
Collecting rich (from openmim)
  Downloading rich-14.2.0-py3-none-any.whl.metadata (18 kB)
Collecting tabulate (from openmim)
  Downloading tabulate-0.9.0-py3-none-any.whl.metadata (34 kB)
Collecting pyyaml (from model-index->openmim)
  Downloading pyyaml-6.0.3-cp312-cp312-manylinux2014_x86_64.manylinux_2_17_x86_64.manylinux_2_28_x86_64.whl.metadata (2.4 kB)
Collecting markdown (from model-index->openmim)
  Downloading markdown-3.9-py3-none-any.whl.metadata (5.1 kB)
Collecting ordered-set (from model-index->openmim)
  Downloading ordered_set-4.1.0-py3-none-any.whl.metadata (5.3 kB)
Collecting pycryptodome (from opendatalab->openmim)
  Downloading pycryptodome-3.23.0-cp37-abi3-manylinux_2_17_x86_64.manylinux2014_x86_64.whl.metadata (3.4 kB)
Collecting tqdm (from opendatalab->openmim)
  Downloading tqdm-4.67.1-py3-none-any.whl.metadata (57 kB)
Collecting openxlab (from opendatalab->openmim)
  Downloading openxlab-0.1.3-py3-none-any.whl.metadata (3.8 kB)
Collecting charset_normalizer<4,>=2 (from requests->openmim)
  Downloading charset_normalizer-3.4.4-cp312-cp312-manylinux2014_x86_64.manylinux_2_17_x86_64.manylinux_2_28_x86_64.whl.metadata (37 kB)
Collecting idna<4,>=2.5 (from requests->openmim)
  Downloading idna-3.11-py3-none-any.whl.metadata (8.4 kB)
Collecting urllib3<3,>=1.21.1 (from requests->openmim)
  Downloading urllib3-2.5.0-py3-none-any.whl.metadata (6.5 kB)
Collecting certifi>=2017.4.17 (from requests->openmim)
  Downloading certifi-2025.10.5-py3-none-any.whl.metadata (2.5 kB)
Collecting filelock~=3.14.0 (from openxlab->opendatalab->openmim)
  Downloading filelock-3.14.0-py3-none-any.whl.metadata (2.8 kB)
Collecting oss2~=2.17.0 (from openxlab->opendatalab->openmim)
  Downloading oss2-2.17.0.tar.gz (259 kB)
  Installing build dependencies ... done
  Getting requirements to build wheel ... done
  Preparing metadata (pyproject.toml) ... done
Collecting packaging~=24.0 (from openxlab->opendatalab->openmim)
  Downloading packaging-24.2-py3-none-any.whl.metadata (3.2 kB)
Collecting pytz~=2023.3 (from openxlab->opendatalab->openmim)
  Downloading pytz-2023.4-py2.py3-none-any.whl.metadata (22 kB)
Collecting requests (from openmim)
  Downloading requests-2.28.2-py3-none-any.whl.metadata (4.6 kB)
Collecting rich (from openmim)
  Downloading rich-13.4.2-py3-none-any.whl.metadata (18 kB)
Collecting setuptools~=60.2.0 (from openxlab->opendatalab->openmim)
  Downloading setuptools-60.2.0-py3-none-any.whl.metadata (5.1 kB)
Collecting tqdm (from opendatalab->openmim)
  Downloading tqdm-4.65.2-py3-none-any.whl.metadata (56 kB)
Collecting crcmod>=1.7 (from oss2~=2.17.0->openxlab->opendatalab->openmim)
  Downloading crcmod-1.7.tar.gz (89 kB)
  Installing build dependencies ... done
  Getting requirements to build wheel ... done
  Preparing metadata (pyproject.toml) ... done
Collecting aliyun-python-sdk-kms>=2.4.1 (from oss2~=2.17.0->openxlab->opendatalab->openmim)
  Downloading aliyun_python_sdk_kms-2.16.5-py2.py3-none-any.whl.metadata (1.5 kB)
Collecting aliyun-python-sdk-core>=2.13.12 (from oss2~=2.17.0->openxlab->opendatalab->openmim)
  Downloading aliyun-python-sdk-core-2.16.0.tar.gz (449 kB)
  Installing build dependencies ... done
  Getting requirements to build wheel ... done
  Preparing metadata (pyproject.toml) ... done
Collecting six (from oss2~=2.17.0->openxlab->opendatalab->openmim)
  Downloading six-1.17.0-py2.py3-none-any.whl.metadata (1.7 kB)
Collecting urllib3<1.27,>=1.21.1 (from requests->openmim)
  Downloading urllib3-1.26.20-py2.py3-none-any.whl.metadata (50 kB)
Collecting markdown-it-py>=2.2.0 (from rich->openmim)
  Downloading markdown_it_py-4.0.0-py3-none-any.whl.metadata (7.3 kB)
Collecting pygments<3.0.0,>=2.13.0 (from rich->openmim)
  Downloading pygments-2.19.2-py3-none-any.whl.metadata (2.5 kB)
Collecting jmespath<1.0.0,>=0.9.3 (from aliyun-python-sdk-core>=2.13.12->oss2~=2.17.0->openxlab->opendatalab->openmim)
  Downloading jmespath-0.10.0-py2.py3-none-any.whl.metadata (8.0 kB)
Collecting cryptography>=3.0.0 (from aliyun-python-sdk-core>=2.13.12->oss2~=2.17.0->openxlab->opendatalab->openmim)
  Downloading cryptography-46.0.3-cp311-abi3-manylinux_2_34_x86_64.whl.metadata (5.7 kB)
Collecting cffi>=2.0.0 (from cryptography>=3.0.0->aliyun-python-sdk-core>=2.13.12->oss2~=2.17.0->openxlab->opendatalab->openmim)
  Downloading cffi-2.0.0-cp312-cp312-manylinux2014_x86_64.manylinux_2_17_x86_64.whl.metadata (2.6 kB)
Collecting pycparser (from cffi>=2.0.0->cryptography>=3.0.0->aliyun-python-sdk-core>=2.13.12->oss2~=2.17.0->openxlab->opendatalab->openmim)
  Downloading pycparser-2.23-py3-none-any.whl.metadata (993 bytes)
Collecting mdurl~=0.1 (from markdown-it-py>=2.2.0->rich->openmim)
  Downloading mdurl-0.1.2-py3-none-any.whl.metadata (1.6 kB)
Requirement already satisfied: numpy>=1.26.0 in ./lib/python3.12/site-packages (from pandas->openmim) (2.3.3)
Collecting python-dateutil>=2.8.2 (from pandas->openmim)
  Downloading python_dateutil-2.9.0.post0-py2.py3-none-any.whl.metadata (8.4 kB)
Collecting tzdata>=2022.7 (from pandas->openmim)
  Downloading tzdata-2025.2-py2.py3-none-any.whl.metadata (1.4 kB)
Downloading openmim-0.3.9-py2.py3-none-any.whl (52 kB)
Downloading click-8.3.0-py3-none-any.whl (107 kB)
Downloading colorama-0.4.6-py2.py3-none-any.whl (25 kB)
Downloading model_index-0.1.11-py3-none-any.whl (34 kB)
Downloading markdown-3.9-py3-none-any.whl (107 kB)
Downloading opendatalab-0.0.10-py3-none-any.whl (29 kB)
Downloading charset_normalizer-3.4.4-cp312-cp312-manylinux2014_x86_64.manylinux_2_17_x86_64.manylinux_2_28_x86_64.whl (153 kB)
Downloading idna-3.11-py3-none-any.whl (71 kB)
Downloading certifi-2025.10.5-py3-none-any.whl (163 kB)
Downloading openxlab-0.1.3-py3-none-any.whl (314 kB)
Downloading filelock-3.14.0-py3-none-any.whl (12 kB)
Downloading packaging-24.2-py3-none-any.whl (65 kB)
Downloading pytz-2023.4-py2.py3-none-any.whl (506 kB)
Downloading pyyaml-6.0.3-cp312-cp312-manylinux2014_x86_64.manylinux_2_17_x86_64.manylinux_2_28_x86_64.whl (807 kB)
   ━━━━━━━━━━━━━━━━━━━━━━━━━━━━━━━━━━━━━━━━ 807.9/807.9 kB 45.6 MB/s  0:00:00
Downloading requests-2.28.2-py3-none-any.whl (62 kB)
Downloading rich-13.4.2-py3-none-any.whl (239 kB)
Downloading pygments-2.19.2-py3-none-any.whl (1.2 MB)
   ━━━━━━━━━━━━━━━━━━━━━━━━━━━━━━━━━━━━━━━━ 1.2/1.2 MB 52.5 MB/s  0:00:00
Downloading setuptools-60.2.0-py3-none-any.whl (953 kB)
   ━━━━━━━━━━━━━━━━━━━━━━━━━━━━━━━━━━━━━━━━ 953.1/953.1 kB 50.9 MB/s  0:00:00
Downloading tqdm-4.65.2-py3-none-any.whl (77 kB)
Downloading urllib3-1.26.20-py2.py3-none-any.whl (144 kB)
Downloading jmespath-0.10.0-py2.py3-none-any.whl (24 kB)
Downloading aliyun_python_sdk_kms-2.16.5-py2.py3-none-any.whl (99 kB)
Downloading cryptography-46.0.3-cp311-abi3-manylinux_2_34_x86_64.whl (4.5 MB)
   ━━━━━━━━━━━━━━━━━━━━━━━━━━━━━━━━━━━━━━━━ 4.5/4.5 MB 72.3 MB/s  0:00:00
Downloading cffi-2.0.0-cp312-cp312-manylinux2014_x86_64.manylinux_2_17_x86_64.whl (219 kB)
Downloading markdown_it_py-4.0.0-py3-none-any.whl (87 kB)
Downloading mdurl-0.1.2-py3-none-any.whl (10.0 kB)
Downloading pycryptodome-3.23.0-cp37-abi3-manylinux_2_17_x86_64.manylinux2014_x86_64.whl (2.3 MB)
   ━━━━━━━━━━━━━━━━━━━━━━━━━━━━━━━━━━━━━━━━ 2.3/2.3 MB 52.0 MB/s  0:00:00
Downloading ordered_set-4.1.0-py3-none-any.whl (7.6 kB)
Downloading pandas-2.3.3-cp312-cp312-manylinux_2_24_x86_64.manylinux_2_28_x86_64.whl (12.4 MB)
   ━━━━━━━━━━━━━━━━━━━━━━━━━━━━━━━━━━━━━━━━ 12.4/12.4 MB 76.8 MB/s  0:00:00
Downloading python_dateutil-2.9.0.post0-py2.py3-none-any.whl (229 kB)
Downloading six-1.17.0-py2.py3-none-any.whl (11 kB)
Downloading tzdata-2025.2-py2.py3-none-any.whl (347 kB)
Downloading pycparser-2.23-py3-none-any.whl (118 kB)
Downloading tabulate-0.9.0-py3-none-any.whl (35 kB)
Building wheels for collected packages: oss2, aliyun-python-sdk-core, crcmod
  Building wheel for oss2 (pyproject.toml) ... done
  Created wheel for oss2: filename=oss2-2.17.0-py3-none-any.whl size=112465 sha256=6ee23d26a665e7a1d092924fa6ddbd9c51a0948d9856aa930ef6332a8b149a66
  Stored in directory: /home/node404/.cache/pip/wheels/ef/42/b9/45728debdb8f00f1a02dd8a674e835c3b0e676e8349c56a523
  Building wheel for aliyun-python-sdk-core (pyproject.toml) ... done
  Created wheel for aliyun-python-sdk-core: filename=aliyun_python_sdk_core-2.16.0-py3-none-any.whl size=535417 sha256=0ab5257909eb11bacf9ebeb09e0ee3caa54c055ed61cdd615075a2b8877c540a
  Stored in directory: /home/node404/.cache/pip/wheels/5a/60/7c/80d5fdcd6d0e016e4a7ff4a66fd9321b3096ae676d78fe0212
  Building wheel for crcmod (pyproject.toml) ... done
  Created wheel for crcmod: filename=crcmod-1.7-py3-none-any.whl size=18910 sha256=21ce345c7f173211cc5df613a9aa338972909bfa180a106af0ed1f48b795f2d7
  Stored in directory: /home/node404/.cache/pip/wheels/76/08/0b/caa8b1380122cbfe6a03eaccbec0f63c67e619af4e30ca5e2a
Successfully built oss2 aliyun-python-sdk-core crcmod
Installing collected packages: pytz, crcmod, urllib3, tzdata, tqdm, tabulate, six, setuptools, pyyaml, pygments, pycryptodome, pycparser, packaging, ordered-set, mdurl, markdown, jmespath, idna, filelock, colorama, Click, charset_normalizer, certifi, requests, python-dateutil, model-index, markdown-it-py, cffi, rich, pandas, cryptography, aliyun-python-sdk-core, aliyun-python-sdk-kms, oss2, openxlab, opendatalab, openmim
  Attempting uninstall: setuptools
    Found existing installation: setuptools 80.9.0
    Uninstalling setuptools-80.9.0:
      Successfully uninstalled setuptools-80.9.0
  Attempting uninstall: filelock
    Found existing installation: filelock 3.19.1
    Uninstalling filelock-3.19.1:
      Successfully uninstalled filelock-3.19.1
Successfully installed Click-8.3.0 aliyun-python-sdk-core-2.16.0 aliyun-python-sdk-kms-2.16.5 certifi-2025.10.5 cffi-2.0.0 charset_normalizer-3.4.4 colorama-0.4.6 crcmod-1.7 cryptography-46.0.3 filelock-3.14.0 idna-3.11 jmespath-0.10.0 markdown-3.9 markdown-it-py-4.0.0 mdurl-0.1.2 model-index-0.1.11 opendatalab-0.0.10 openmim-0.3.9 openxlab-0.1.3 ordered-set-4.1.0 oss2-2.17.0 packaging-24.2 pandas-2.3.3 pycparser-2.23 pycryptodome-3.23.0 pygments-2.19.2 python-dateutil-2.9.0.post0 pytz-2023.4 pyyaml-6.0.3 requests-2.28.2 rich-13.4.2 setuptools-60.2.0 six-1.17.0 tabulate-0.9.0 tqdm-4.65.2 tzdata-2025.2 urllib3-1.26.20
(CVAT) node404@node404-main:~/CVAT$ mim install mmdet mmengin
Traceback (most recent call last):
  File "/home/node404/CVAT/bin/mim", line 3, in <module>
    from mim.cli import cli
  File "/home/node404/CVAT/lib/python3.12/site-packages/mim/__init__.py", line 10, in <module>
    import setuptools  # noqa: F401
    ^^^^^^^^^^^^^^^^^
  File "/home/node404/CVAT/lib/python3.12/site-packages/setuptools/__init__.py", line 16, in <module>
    import setuptools.version
  File "/home/node404/CVAT/lib/python3.12/site-packages/setuptools/version.py", line 1, in <module>
    import pkg_resources
  File "/home/node404/CVAT/lib/python3.12/site-packages/pkg_resources/__init__.py", line 2172, in <module>
    register_finder(pkgutil.ImpImporter, find_on_path)
                    ^^^^^^^^^^^^^^^^^^^
AttributeError: module 'pkgutil' has no attribute 'ImpImporter'. Did you mean: 'zipimporter'?
(CVAT) node404@node404-main:~/CVAT$ mim install mmdet mmengine
Traceback (most recent call last):
  File "/home/node404/CVAT/bin/mim", line 3, in <module>
    from mim.cli import cli
  File "/home/node404/CVAT/lib/python3.12/site-packages/mim/__init__.py", line 10, in <module>
    import setuptools  # noqa: F401
    ^^^^^^^^^^^^^^^^^
  File "/home/node404/CVAT/lib/python3.12/site-packages/setuptools/__init__.py", line 16, in <module>
    import setuptools.version
  File "/home/node404/CVAT/lib/python3.12/site-packages/setuptools/version.py", line 1, in <module>
    import pkg_resources
  File "/home/node404/CVAT/lib/python3.12/site-packages/pkg_resources/__init__.py", line 2172, in <module>
    register_finder(pkgutil.ImpImporter, find_on_path)
                    ^^^^^^^^^^^^^^^^^^^
AttributeError: module 'pkgutil' has no attribute 'ImpImporter'. Did you mean: 'zipimporter'?
(CVAT) node404@node404-main:~/CVAT$ pip show setuptools
Name: setuptools
Version: 60.2.0
Summary: Easily download, build, install, upgrade, and uninstall Python packages
Home-page: https://github.com/pypa/setuptools
Author: Python Packaging Authority
Author-email: distutils-sig@python.org
License: UNKNOWN
Location: /home/node404/CVAT/lib/python3.12/site-packages
Requires: 
Required-by: openxlab, torch
(CVAT) node404@node404-main:~/CVAT$ pip install --upgrade pip setuptools wheel
Requirement already satisfied: pip in ./lib/python3.12/site-packages (25.3)
Requirement already satisfied: setuptools in ./lib/python3.12/site-packages (60.2.0)
Collecting setuptools
  Using cached setuptools-80.9.0-py3-none-any.whl.metadata (6.6 kB)
Requirement already satisfied: wheel in ./lib/python3.12/site-packages (0.45.1)
Using cached setuptools-80.9.0-py3-none-any.whl (1.2 MB)
Installing collected packages: setuptools
  Attempting uninstall: setuptools
    Found existing installation: setuptools 60.2.0
    Uninstalling setuptools-60.2.0:
      Successfully uninstalled setuptools-60.2.0
ERROR: pip's dependency resolver does not currently take into account all the packages that are installed. This behaviour is the source of the following dependency conflicts.
openxlab 0.1.3 requires setuptools~=60.2.0, but you have setuptools 80.9.0 which is incompatible.
Successfully installed setuptools-80.9.0
(CVAT) node404@node404-main:~/CVAT$ pip show setuptools
Name: setuptools
Version: 80.9.0
Summary: Easily download, build, install, upgrade, and uninstall Python packages
Home-page: 
Author: 
Author-email: Python Packaging Authority <distutils-sig@python.org>
License-Expression: MIT
Location: /home/node404/CVAT/lib/python3.12/site-packages
Requires: 
Required-by: openxlab, torch
(CVAT) node404@node404-main:~/CVAT$ mim install mmdet mmengine
/home/node404/CVAT/lib/python3.12/site-packages/mim/commands/list.py:4: UserWarning: pkg_resources is deprecated as an API. See https://setuptools.pypa.io/en/latest/pkg_resources.html. The pkg_resources package is slated for removal as early as 2025-11-30. Refrain from using this package or pin to Setuptools<81.
  import pkg_resources
Looking in links: https://download.openmmlab.com/mmcv/dist/cu121/torch2.5.0/index.html
Collecting mmdet
  Downloading mmdet-3.3.0-py3-none-any.whl.metadata (29 kB)
Collecting mmengine
  Downloading mmengine-0.10.7-py3-none-any.whl.metadata (20 kB)
Collecting matplotlib (from mmdet)
  Downloading matplotlib-3.10.7-cp312-cp312-manylinux2014_x86_64.manylinux_2_17_x86_64.whl.metadata (11 kB)
Requirement already satisfied: numpy in ./lib/python3.12/site-packages (from mmdet) (2.3.3)
Collecting pycocotools (from mmdet)
  Downloading pycocotools-2.0.10-cp312-abi3-manylinux_2_17_x86_64.manylinux2014_x86_64.whl.metadata (1.3 kB)
Collecting scipy (from mmdet)
  Downloading scipy-1.16.2-cp312-cp312-manylinux2014_x86_64.manylinux_2_17_x86_64.whl.metadata (62 kB)
Collecting shapely (from mmdet)
  Downloading shapely-2.1.2-cp312-cp312-manylinux2014_x86_64.manylinux_2_17_x86_64.whl.metadata (6.8 kB)
Requirement already satisfied: six in ./lib/python3.12/site-packages (from mmdet) (1.17.0)
Collecting terminaltables (from mmdet)
  Downloading terminaltables-3.1.10-py2.py3-none-any.whl.metadata (3.5 kB)
Requirement already satisfied: tqdm in ./lib/python3.12/site-packages (from mmdet) (4.65.2)
Ignoring mmcv: markers 'extra == "mim"' don't match your environment
Ignoring mmengine: markers 'extra == "mim"' don't match your environment
Collecting addict (from mmengine)
  Downloading addict-2.4.0-py3-none-any.whl.metadata (1.0 kB)
Requirement already satisfied: pyyaml in ./lib/python3.12/site-packages (from mmengine) (6.0.3)
Requirement already satisfied: rich in ./lib/python3.12/site-packages (from mmengine) (13.4.2)
Collecting termcolor (from mmengine)
  Downloading termcolor-3.2.0-py3-none-any.whl.metadata (6.4 kB)
Collecting yapf (from mmengine)
  Downloading yapf-0.43.0-py3-none-any.whl.metadata (46 kB)
Collecting opencv-python>=3 (from mmengine)
  Downloading opencv_python-4.12.0.88-cp37-abi3-manylinux2014_x86_64.manylinux_2_17_x86_64.whl.metadata (19 kB)
Collecting numpy (from mmdet)
  Downloading numpy-2.2.6-cp312-cp312-manylinux_2_17_x86_64.manylinux2014_x86_64.whl.metadata (62 kB)
Collecting contourpy>=1.0.1 (from matplotlib->mmdet)
  Downloading contourpy-1.3.3-cp312-cp312-manylinux_2_27_x86_64.manylinux_2_28_x86_64.whl.metadata (5.5 kB)
Collecting cycler>=0.10 (from matplotlib->mmdet)
  Downloading cycler-0.12.1-py3-none-any.whl.metadata (3.8 kB)
Collecting fonttools>=4.22.0 (from matplotlib->mmdet)
  Downloading fonttools-4.60.1-cp312-cp312-manylinux1_x86_64.manylinux2014_x86_64.manylinux_2_17_x86_64.manylinux_2_5_x86_64.whl.metadata (112 kB)
Collecting kiwisolver>=1.3.1 (from matplotlib->mmdet)
  Downloading kiwisolver-1.4.9-cp312-cp312-manylinux2014_x86_64.manylinux_2_17_x86_64.whl.metadata (6.3 kB)
Requirement already satisfied: packaging>=20.0 in ./lib/python3.12/site-packages (from matplotlib->mmdet) (24.2)
Requirement already satisfied: pillow>=8 in ./lib/python3.12/site-packages (from matplotlib->mmdet) (11.3.0)
Collecting pyparsing>=3 (from matplotlib->mmdet)
  Downloading pyparsing-3.2.5-py3-none-any.whl.metadata (5.0 kB)
Requirement already satisfied: python-dateutil>=2.7 in ./lib/python3.12/site-packages (from matplotlib->mmdet) (2.9.0.post0)
Requirement already satisfied: markdown-it-py>=2.2.0 in ./lib/python3.12/site-packages (from rich->mmengine) (4.0.0)
Requirement already satisfied: pygments<3.0.0,>=2.13.0 in ./lib/python3.12/site-packages (from rich->mmengine) (2.19.2)
Requirement already satisfied: mdurl~=0.1 in ./lib/python3.12/site-packages (from markdown-it-py>=2.2.0->rich->mmengine) (0.1.2)
Requirement already satisfied: platformdirs>=3.5.1 in ./lib/python3.12/site-packages/setuptools/_vendor (from yapf->mmengine) (4.2.2)
Downloading mmdet-3.3.0-py3-none-any.whl (2.2 MB)
   ━━━━━━━━━━━━━━━━━━━━━━━━━━━━━━━━━━━━━━━━ 2.2/2.2 MB 19.4 MB/s  0:00:00
Downloading mmengine-0.10.7-py3-none-any.whl (452 kB)
Downloading opencv_python-4.12.0.88-cp37-abi3-manylinux2014_x86_64.manylinux_2_17_x86_64.whl (67.0 MB)
   ━━━━━━━━━━━━━━━━━━━━━━━━━━━━━━━━━━━━━━━━ 67.0/67.0 MB 62.6 MB/s  0:00:01
Downloading numpy-2.2.6-cp312-cp312-manylinux_2_17_x86_64.manylinux2014_x86_64.whl (16.5 MB)
   ━━━━━━━━━━━━━━━━━━━━━━━━━━━━━━━━━━━━━━━━ 16.5/16.5 MB 60.9 MB/s  0:00:00
Downloading addict-2.4.0-py3-none-any.whl (3.8 kB)
Downloading matplotlib-3.10.7-cp312-cp312-manylinux2014_x86_64.manylinux_2_17_x86_64.whl (8.7 MB)
   ━━━━━━━━━━━━━━━━━━━━━━━━━━━━━━━━━━━━━━━━ 8.7/8.7 MB 71.6 MB/s  0:00:00
Downloading contourpy-1.3.3-cp312-cp312-manylinux_2_27_x86_64.manylinux_2_28_x86_64.whl (362 kB)
Downloading cycler-0.12.1-py3-none-any.whl (8.3 kB)
Downloading fonttools-4.60.1-cp312-cp312-manylinux1_x86_64.manylinux2014_x86_64.manylinux_2_17_x86_64.manylinux_2_5_x86_64.whl (4.9 MB)
   ━━━━━━━━━━━━━━━━━━━━━━━━━━━━━━━━━━━━━━━━ 4.9/4.9 MB 78.4 MB/s  0:00:00
Downloading kiwisolver-1.4.9-cp312-cp312-manylinux2014_x86_64.manylinux_2_17_x86_64.whl (1.5 MB)
   ━━━━━━━━━━━━━━━━━━━━━━━━━━━━━━━━━━━━━━━━ 1.5/1.5 MB 57.7 MB/s  0:00:00
Downloading pyparsing-3.2.5-py3-none-any.whl (113 kB)
Downloading pycocotools-2.0.10-cp312-abi3-manylinux_2_17_x86_64.manylinux2014_x86_64.whl (397 kB)
Downloading scipy-1.16.2-cp312-cp312-manylinux2014_x86_64.manylinux_2_17_x86_64.whl (35.7 MB)
   ━━━━━━━━━━━━━━━━━━━━━━━━━━━━━━━━━━━━━━━━ 35.7/35.7 MB 81.2 MB/s  0:00:00
Downloading shapely-2.1.2-cp312-cp312-manylinux2014_x86_64.manylinux_2_17_x86_64.whl (3.1 MB)
   ━━━━━━━━━━━━━━━━━━━━━━━━━━━━━━━━━━━━━━━━ 3.1/3.1 MB 64.1 MB/s  0:00:00
Downloading termcolor-3.2.0-py3-none-any.whl (7.7 kB)
Downloading terminaltables-3.1.10-py2.py3-none-any.whl (15 kB)
Downloading yapf-0.43.0-py3-none-any.whl (256 kB)
Installing collected packages: addict, yapf, terminaltables, termcolor, pyparsing, numpy, kiwisolver, fonttools, cycler, shapely, scipy, pycocotools, opencv-python, contourpy, matplotlib, mmengine, mmdet
  Attempting uninstall: numpy
    Found existing installation: numpy 2.3.3
    Uninstalling numpy-2.3.3:
      Successfully uninstalled numpy-2.3.3
Successfully installed addict-2.4.0 contourpy-1.3.3 cycler-0.12.1 fonttools-4.60.1 kiwisolver-1.4.9 matplotlib-3.10.7 mmdet-3.3.0 mmengine-0.10.7 numpy-2.2.6 opencv-python-4.12.0.88 pycocotools-2.0.10 pyparsing-3.2.5 scipy-1.16.2 shapely-2.1.2 termcolor-3.2.0 terminaltables-3.1.10 yapf-0.43.0
(CVAT) node404@node404-main:~/CVAT$ mim install mmdet3d
/home/node404/CVAT/lib/python3.12/site-packages/mim/commands/list.py:4: UserWarning: pkg_resources is deprecated as an API. See https://setuptools.pypa.io/en/latest/pkg_resources.html. The pkg_resources package is slated for removal as early as 2025-11-30. Refrain from using this package or pin to Setuptools<81.
  import pkg_resources
Looking in links: https://download.openmmlab.com/mmcv/dist/cu121/torch2.5.0/index.html
Collecting mmdet3d
  Downloading mmdet3d-1.4.0-py3-none-any.whl.metadata (28 kB)
Collecting lyft-dataset-sdk (from mmdet3d)
  Downloading lyft_dataset_sdk-0.0.8-py2.py3-none-any.whl.metadata (3.6 kB)
Requirement already satisfied: networkx>=2.5 in ./lib/python3.12/site-packages (from mmdet3d) (3.5)
Collecting numba (from mmdet3d)
  Downloading numba-0.62.1-cp312-cp312-manylinux2014_x86_64.manylinux_2_17_x86_64.whl.metadata (2.8 kB)
Requirement already satisfied: numpy in ./lib/python3.12/site-packages (from mmdet3d) (2.2.6)
Collecting nuscenes-devkit (from mmdet3d)
  Downloading nuscenes_devkit-1.2.0-py3-none-any.whl.metadata (16 kB)
Collecting open3d (from mmdet3d)
  Downloading open3d-0.19.0-cp312-cp312-manylinux_2_31_x86_64.whl.metadata (4.3 kB)
Collecting plyfile (from mmdet3d)
  Downloading plyfile-1.1.3-py3-none-any.whl.metadata (43 kB)
Collecting scikit-image (from mmdet3d)
  Downloading scikit_image-0.25.2-cp312-cp312-manylinux_2_17_x86_64.manylinux2014_x86_64.whl.metadata (14 kB)
Collecting tensorboard (from mmdet3d)
  Downloading tensorboard-2.20.0-py3-none-any.whl.metadata (1.8 kB)
Collecting trimesh (from mmdet3d)
  Downloading trimesh-4.9.0-py3-none-any.whl.metadata (18 kB)
Ignoring mmcv: markers 'extra == "mim"' don't match your environment
Ignoring mmdet: markers 'extra == "mim"' don't match your environment
Ignoring mmengine: markers 'extra == "mim"' don't match your environment
Collecting flake8 (from lyft-dataset-sdk->mmdet3d)
  Downloading flake8-7.3.0-py2.py3-none-any.whl.metadata (3.8 kB)
Requirement already satisfied: opencv-python>=3.4.2.17 in ./lib/python3.12/site-packages (from lyft-dataset-sdk->mmdet3d) (4.12.0.88)
Requirement already satisfied: Pillow>=5.2.0 in ./lib/python3.12/site-packages (from lyft-dataset-sdk->mmdet3d) (11.3.0)
Collecting pyquaternion>=0.9.5 (from lyft-dataset-sdk->mmdet3d)
  Downloading pyquaternion-0.9.9-py3-none-any.whl.metadata (1.4 kB)
Collecting scikit-learn>=0.19.2 (from lyft-dataset-sdk->mmdet3d)
  Downloading scikit_learn-1.7.2-cp312-cp312-manylinux2014_x86_64.manylinux_2_17_x86_64.whl.metadata (11 kB)
Requirement already satisfied: tqdm>=4.25.0 in ./lib/python3.12/site-packages (from lyft-dataset-sdk->mmdet3d) (4.65.2)
Requirement already satisfied: scipy>=1.1.0 in ./lib/python3.12/site-packages (from lyft-dataset-sdk->mmdet3d) (1.16.2)
Collecting cachetools>=3.1.0 (from lyft-dataset-sdk->mmdet3d)
  Downloading cachetools-6.2.1-py3-none-any.whl.metadata (5.5 kB)
Requirement already satisfied: Shapely>=1.6.4.post2 in ./lib/python3.12/site-packages (from lyft-dataset-sdk->mmdet3d) (2.1.2)
Collecting fire (from lyft-dataset-sdk->mmdet3d)
  Downloading fire-0.7.1-py3-none-any.whl.metadata (5.8 kB)
Collecting pytest (from lyft-dataset-sdk->mmdet3d)
  Downloading pytest-8.4.2-py3-none-any.whl.metadata (7.7 kB)
Collecting black (from lyft-dataset-sdk->mmdet3d)
  Downloading black-25.9.0-cp312-cp312-manylinux_2_17_x86_64.manylinux2014_x86_64.manylinux_2_28_x86_64.whl.metadata (83 kB)
Requirement already satisfied: matplotlib in ./lib/python3.12/site-packages (from lyft-dataset-sdk->mmdet3d) (3.10.7)
Requirement already satisfied: pandas in ./lib/python3.12/site-packages (from lyft-dataset-sdk->mmdet3d) (2.3.3)
Collecting plotly (from lyft-dataset-sdk->mmdet3d)
  Downloading plotly-6.3.1-py3-none-any.whl.metadata (8.5 kB)
Collecting joblib>=1.2.0 (from scikit-learn>=0.19.2->lyft-dataset-sdk->mmdet3d)
  Downloading joblib-1.5.2-py3-none-any.whl.metadata (5.6 kB)
Collecting threadpoolctl>=3.1.0 (from scikit-learn>=0.19.2->lyft-dataset-sdk->mmdet3d)
  Downloading threadpoolctl-3.6.0-py3-none-any.whl.metadata (13 kB)
Requirement already satisfied: click>=8.0.0 in ./lib/python3.12/site-packages (from black->lyft-dataset-sdk->mmdet3d) (8.3.0)
Collecting mypy-extensions>=0.4.3 (from black->lyft-dataset-sdk->mmdet3d)
  Downloading mypy_extensions-1.1.0-py3-none-any.whl.metadata (1.1 kB)
Requirement already satisfied: packaging>=22.0 in ./lib/python3.12/site-packages (from black->lyft-dataset-sdk->mmdet3d) (24.2)
Collecting pathspec>=0.9.0 (from black->lyft-dataset-sdk->mmdet3d)
  Downloading pathspec-0.12.1-py3-none-any.whl.metadata (21 kB)
Requirement already satisfied: platformdirs>=2 in ./lib/python3.12/site-packages/setuptools/_vendor (from black->lyft-dataset-sdk->mmdet3d) (4.2.2)
Collecting pytokens>=0.1.10 (from black->lyft-dataset-sdk->mmdet3d)
  Downloading pytokens-0.2.0-py3-none-any.whl.metadata (2.0 kB)
Requirement already satisfied: termcolor in ./lib/python3.12/site-packages (from fire->lyft-dataset-sdk->mmdet3d) (3.2.0)
Collecting mccabe<0.8.0,>=0.7.0 (from flake8->lyft-dataset-sdk->mmdet3d)
  Downloading mccabe-0.7.0-py2.py3-none-any.whl.metadata (5.0 kB)
Collecting pycodestyle<2.15.0,>=2.14.0 (from flake8->lyft-dataset-sdk->mmdet3d)
  Downloading pycodestyle-2.14.0-py2.py3-none-any.whl.metadata (4.5 kB)
Collecting pyflakes<3.5.0,>=3.4.0 (from flake8->lyft-dataset-sdk->mmdet3d)
  Downloading pyflakes-3.4.0-py2.py3-none-any.whl.metadata (3.5 kB)
Requirement already satisfied: contourpy>=1.0.1 in ./lib/python3.12/site-packages (from matplotlib->lyft-dataset-sdk->mmdet3d) (1.3.3)
Requirement already satisfied: cycler>=0.10 in ./lib/python3.12/site-packages (from matplotlib->lyft-dataset-sdk->mmdet3d) (0.12.1)
Requirement already satisfied: fonttools>=4.22.0 in ./lib/python3.12/site-packages (from matplotlib->lyft-dataset-sdk->mmdet3d) (4.60.1)
Requirement already satisfied: kiwisolver>=1.3.1 in ./lib/python3.12/site-packages (from matplotlib->lyft-dataset-sdk->mmdet3d) (1.4.9)
Requirement already satisfied: pyparsing>=3 in ./lib/python3.12/site-packages (from matplotlib->lyft-dataset-sdk->mmdet3d) (3.2.5)
Requirement already satisfied: python-dateutil>=2.7 in ./lib/python3.12/site-packages (from matplotlib->lyft-dataset-sdk->mmdet3d) (2.9.0.post0)
Requirement already satisfied: six>=1.5 in ./lib/python3.12/site-packages (from python-dateutil>=2.7->matplotlib->lyft-dataset-sdk->mmdet3d) (1.17.0)
Collecting llvmlite<0.46,>=0.45.0dev0 (from numba->mmdet3d)
  Downloading llvmlite-0.45.1-cp312-cp312-manylinux2014_x86_64.manylinux_2_17_x86_64.whl.metadata (4.9 kB)
Collecting descartes (from nuscenes-devkit->mmdet3d)
  Downloading descartes-1.1.0-py3-none-any.whl.metadata (2.4 kB)
INFO: pip is looking at multiple versions of nuscenes-devkit to determine which version is compatible with other requirements. This could take a while.
Collecting nuscenes-devkit (from mmdet3d)
  Downloading nuscenes_devkit-1.1.11-py3-none-any.whl.metadata (15 kB)
Collecting matplotlib (from lyft-dataset-sdk->mmdet3d)
  Downloading matplotlib-3.5.3.tar.gz (35.2 MB)
     ━━━━━━━━━━━━━━━━━━━━━━━━━━━━━━━━━━━━━━━━ 35.2/35.2 MB 78.4 MB/s  0:00:00
  Installing build dependencies ... done
  Getting requirements to build wheel ... done
  Installing backend dependencies ... done
  Preparing metadata (pyproject.toml) ... done
Collecting Shapely>=1.6.4.post2 (from lyft-dataset-sdk->mmdet3d)
  Downloading Shapely-1.8.5.post1.tar.gz (200 kB)
  Installing build dependencies ... done
  Getting requirements to build wheel ... error
  error: subprocess-exited-with-error
  
  × Getting requirements to build wheel did not run successfully.
  │ exit code: 1
  ╰─> [33 lines of output]
      Traceback (most recent call last):
        File "/home/node404/CVAT/lib/python3.12/site-packages/pip/_vendor/pyproject_hooks/_in_process/_in_process.py", line 389, in <module>
          main()
        File "/home/node404/CVAT/lib/python3.12/site-packages/pip/_vendor/pyproject_hooks/_in_process/_in_process.py", line 373, in main
          json_out["return_val"] = hook(**hook_input["kwargs"])
                                   ^^^^^^^^^^^^^^^^^^^^^^^^^^^^
        File "/home/node404/CVAT/lib/python3.12/site-packages/pip/_vendor/pyproject_hooks/_in_process/_in_process.py", line 137, in get_requires_for_build_wheel
          backend = _build_backend()
                    ^^^^^^^^^^^^^^^^
        File "/home/node404/CVAT/lib/python3.12/site-packages/pip/_vendor/pyproject_hooks/_in_process/_in_process.py", line 70, in _build_backend
          obj = import_module(mod_path)
                ^^^^^^^^^^^^^^^^^^^^^^^
        File "/usr/lib/python3.12/importlib/__init__.py", line 90, in import_module
          return _bootstrap._gcd_import(name[level:], package, level)
                 ^^^^^^^^^^^^^^^^^^^^^^^^^^^^^^^^^^^^^^^^^^^^^^^^^^^^
        File "<frozen importlib._bootstrap>", line 1387, in _gcd_import
        File "<frozen importlib._bootstrap>", line 1360, in _find_and_load
        File "<frozen importlib._bootstrap>", line 1310, in _find_and_load_unlocked
        File "<frozen importlib._bootstrap>", line 488, in _call_with_frames_removed
        File "<frozen importlib._bootstrap>", line 1387, in _gcd_import
        File "<frozen importlib._bootstrap>", line 1360, in _find_and_load
        File "<frozen importlib._bootstrap>", line 1331, in _find_and_load_unlocked
        File "<frozen importlib._bootstrap>", line 935, in _load_unlocked
        File "<frozen importlib._bootstrap_external>", line 995, in exec_module
        File "<frozen importlib._bootstrap>", line 488, in _call_with_frames_removed
        File "/tmp/pip-build-env-8f858tl9/overlay/lib/python3.12/site-packages/setuptools/__init__.py", line 16, in <module>
          import setuptools.version
        File "/tmp/pip-build-env-8f858tl9/overlay/lib/python3.12/site-packages/setuptools/version.py", line 1, in <module>
          import pkg_resources
        File "/tmp/pip-build-env-8f858tl9/overlay/lib/python3.12/site-packages/pkg_resources/__init__.py", line 2191, in <module>
          register_finder(pkgutil.ImpImporter, find_on_path)
                          ^^^^^^^^^^^^^^^^^^^
      AttributeError: module 'pkgutil' has no attribute 'ImpImporter'. Did you mean: 'zipimporter'?
      [end of output]
  
  note: This error originates from a subprocess, and is likely not a problem with pip.
ERROR: Failed to build 'Shapely' when getting requirements to build wheel
(CVAT) node404@node404-main:~/CVAT$ 


node404@node404-main:~/CVAT$ sudo apt install docker.io docker-compose -y
git clone https://github.com/opencv/cvat.git
cd cvat
docker-compose up -d
[sudo] node404 のパスワード: 
パッケージリストを読み込んでいます... 完了
依存関係ツリーを作成しています... 完了        
状態情報を読み取っています... 完了        
以下のパッケージが自動でインストールされましたが、もう必要とされていません:
  libqt5designer5 libqt5help5 libqt5multimedia5 libqt5multimediawidgets5
  libqt5sql5-sqlite libqt5sql5t64 libqt5test5t64 nvidia-firmware-575-575.64.03
  nvidia-firmware-580-580.65.06 python3-pyqt5 python3-pyqt5.qtmultimedia
  python3-pyqt5.sip python3-qrtools python3-zbar qrencode
これを削除するには 'sudo apt autoremove' を利用してください。
以下の追加パッケージがインストールされます:
  bridge-utils containerd pigz python3-compose python3-docker
  python3-dockerpty python3-docopt python3-dotenv python3-texttable
  python3-websocket runc ubuntu-fan
提案パッケージ:
  ifupdown aufs-tools btrfs-progs cgroupfs-mount | cgroup-lite debootstrap
  docker-buildx docker-compose-v2 docker-doc rinse zfs-fuse | zfsutils
以下のパッケージが新たにインストールされます:
  bridge-utils containerd docker-compose docker.io pigz python3-compose
  python3-docker python3-dockerpty python3-docopt python3-dotenv
  python3-texttable python3-websocket runc ubuntu-fan
アップグレード: 0 個、新規インストール: 14 個、削除: 0 個、保留: 0 個。
80.5 MB のアーカイブを取得する必要があります。
この操作後に追加で 306 MB のディスク容量が消費されます。
取得:1 http://jp.archive.ubuntu.com/ubuntu noble/universe amd64 pigz amd64 2.8-1 [65.6 kB]
取得:2 https://esm.ubuntu.com/apps/ubuntu noble-apps-security/main amd64 docker.io amd64 27.5.1-0ubuntu3~24.04.2 [33.0 MB]
取得:3 http://jp.archive.ubuntu.com/ubuntu noble/main amd64 bridge-utils amd64 1.7.1-1ubuntu2 [33.9 kB]
取得:4 http://jp.archive.ubuntu.com/ubuntu noble-updates/main amd64 runc amd64 1.3.0-0ubuntu2~24.04.1 [8,743 kB]
取得:5 http://jp.archive.ubuntu.com/ubuntu noble-updates/main amd64 containerd amd64 1.7.28-0ubuntu1~24.04.1 [38.4 MB]
取得:6 http://jp.archive.ubuntu.com/ubuntu noble/universe amd64 python3-websocket all 1.7.0-1 [38.1 kB]
取得:7 http://jp.archive.ubuntu.com/ubuntu noble-updates/universe amd64 python3-docker all 5.0.3-1ubuntu1.1 [89.1 kB]
取得:8 http://jp.archive.ubuntu.com/ubuntu noble/universe amd64 python3-dockerpty all 0.4.1-5 [11.4 kB]
取得:9 http://jp.archive.ubuntu.com/ubuntu noble/universe amd64 python3-docopt all 0.6.2-6 [26.1 kB]
取得:10 http://jp.archive.ubuntu.com/ubuntu noble/universe amd64 python3-dotenv all 1.0.1-1 [22.3 kB]
取得:11 http://jp.archive.ubuntu.com/ubuntu noble/universe amd64 python3-texttable all 1.6.7-1 [11.0 kB]
取得:12 http://jp.archive.ubuntu.com/ubuntu noble/universe amd64 python3-compose all 1.29.2-6ubuntu1 [84.6 kB]
取得:13 http://jp.archive.ubuntu.com/ubuntu noble/universe amd64 docker-compose all 1.29.2-6ubuntu1 [14.0 kB]
取得:14 http://jp.archive.ubuntu.com/ubuntu noble-updates/universe amd64 ubuntu-fan all 0.12.16+24.04.1 [34.2 kB]
80.5 MB を 5秒 で取得しました (15.7 MB/s)
パッケージを事前設定しています ...
以前に未選択のパッケージ pigz を選択しています。
(データベースを読み込んでいます ... 現在 264588 個のファイルとディレクトリがイン
ストールされています。)
.../00-pigz_2.8-1_amd64.deb を展開する準備をしています ...
pigz (2.8-1) を展開しています...
以前に未選択のパッケージ bridge-utils を選択しています。
.../01-bridge-utils_1.7.1-1ubuntu2_amd64.deb を展開する準備をしています ...
bridge-utils (1.7.1-1ubuntu2) を展開しています...
以前に未選択のパッケージ runc を選択しています。
.../02-runc_1.3.0-0ubuntu2~24.04.1_amd64.deb を展開する準備をしています ...
runc (1.3.0-0ubuntu2~24.04.1) を展開しています...
以前に未選択のパッケージ containerd を選択しています。
.../03-containerd_1.7.28-0ubuntu1~24.04.1_amd64.deb を展開する準備をしています .
..
containerd (1.7.28-0ubuntu1~24.04.1) を展開しています...
以前に未選択のパッケージ python3-websocket を選択しています。
.../04-python3-websocket_1.7.0-1_all.deb を展開する準備をしています ...
python3-websocket (1.7.0-1) を展開しています...
以前に未選択のパッケージ python3-docker を選択しています。
.../05-python3-docker_5.0.3-1ubuntu1.1_all.deb を展開する準備をしています ...
python3-docker (5.0.3-1ubuntu1.1) を展開しています...
以前に未選択のパッケージ python3-dockerpty を選択しています。
.../06-python3-dockerpty_0.4.1-5_all.deb を展開する準備をしています ...
python3-dockerpty (0.4.1-5) を展開しています...
以前に未選択のパッケージ python3-docopt を選択しています。
.../07-python3-docopt_0.6.2-6_all.deb を展開する準備をしています ...
python3-docopt (0.6.2-6) を展開しています...
以前に未選択のパッケージ python3-dotenv を選択しています。
.../08-python3-dotenv_1.0.1-1_all.deb を展開する準備をしています ...
python3-dotenv (1.0.1-1) を展開しています...
以前に未選択のパッケージ python3-texttable を選択しています。
.../09-python3-texttable_1.6.7-1_all.deb を展開する準備をしています ...
python3-texttable (1.6.7-1) を展開しています...
以前に未選択のパッケージ python3-compose を選択しています。
.../10-python3-compose_1.29.2-6ubuntu1_all.deb を展開する準備をしています ...
python3-compose (1.29.2-6ubuntu1) を展開しています...
以前に未選択のパッケージ docker-compose を選択しています。
.../11-docker-compose_1.29.2-6ubuntu1_all.deb を展開する準備をしています ...
docker-compose (1.29.2-6ubuntu1) を展開しています...
以前に未選択のパッケージ docker.io を選択しています。
.../12-docker.io_27.5.1-0ubuntu3~24.04.2_amd64.deb を展開する準備をしています ..
.
docker.io (27.5.1-0ubuntu3~24.04.2) を展開しています...
以前に未選択のパッケージ ubuntu-fan を選択しています。
.../13-ubuntu-fan_0.12.16+24.04.1_all.deb を展開する準備をしています ...
ubuntu-fan (0.12.16+24.04.1) を展開しています...
python3-dotenv (1.0.1-1) を設定しています ...
python3-texttable (1.6.7-1) を設定しています ...
python3-docopt (0.6.2-6) を設定しています ...
runc (1.3.0-0ubuntu2~24.04.1) を設定しています ...
bridge-utils (1.7.1-1ubuntu2) を設定しています ...
pigz (2.8-1) を設定しています ...
containerd (1.7.28-0ubuntu1~24.04.1) を設定しています ...
Created symlink /etc/systemd/system/multi-user.target.wants/containerd.service →
 /usr/lib/systemd/system/containerd.service.
python3-websocket (1.7.0-1) を設定しています ...
python3-dockerpty (0.4.1-5) を設定しています ...
ubuntu-fan (0.12.16+24.04.1) を設定しています ...
Created symlink /etc/systemd/system/multi-user.target.wants/ubuntu-fan.service →
 /usr/lib/systemd/system/ubuntu-fan.service.
python3-docker (5.0.3-1ubuntu1.1) を設定しています ...
docker.io (27.5.1-0ubuntu3~24.04.2) を設定しています ...
info: 100 から 999 の範囲でグループ ID を選択しています...
info: グループ `docker' (グループ ID 126) を追加しています...
Created symlink /etc/systemd/system/multi-user.target.wants/docker.service → /us
r/lib/systemd/system/docker.service.
Created symlink /etc/systemd/system/sockets.target.wants/docker.socket → /usr/li
b/systemd/system/docker.socket.
python3-compose (1.29.2-6ubuntu1) を設定しています ...
docker-compose (1.29.2-6ubuntu1) を設定しています ...
man-db (2.12.0-4build2) のトリガを処理しています ...
Cloning into 'cvat'...
remote: Enumerating objects: 91545, done.
remote: Counting objects: 100% (2/2), done.
remote: Compressing objects: 100% (2/2), done.
remote: Total 91545 (delta 0), reused 0 (delta 0), pack-reused 91543 (from 3)
Receiving objects: 100% (91545/91545), 333.65 MiB | 23.97 MiB/s, done.
Resolving deltas: 100% (65564/65564), done.
ERROR: The Compose file './docker-compose.yml' is invalid because:
'name' does not match any of the regexes: '^x-'

You might be seeing this error because you're using the wrong Compose file version. Either specify a supported version (e.g "2.2" or "3.3") and place your service definitions under the `services` key, or omit the `version` key and place your service definitions at the root of the file to use version 1.
For more on the Compose file format versions, see https://docs.docker.com/compose/compose-file/
services.cvat_grafana.environment.GF_AUTH_BASIC_ENABLED contains false, which is an invalid type, it should be a string, number, or a null
node404@node404-main:~/CVAT/cvat$ docker-compose up -d
ERROR: The Compose file './docker-compose.yml' is invalid because:
services.cvat_grafana.environment.GF_AUTH_BASIC_ENABLED contains false, which is an invalid type, it should be a string, number, or a null
node404@node404-main:~/CVAT/cvat$ docker compose up -d
unknown shorthand flag: 'd' in -d
See 'docker --help'.

Usage:  docker [OPTIONS] COMMAND

A self-sufficient runtime for containers

Common Commands:
  run         Create and run a new container from an image
  exec        Execute a command in a running container
  ps          List containers
  build       Build an image from a Dockerfile
  pull        Download an image from a registry
  push        Upload an image to a registry
  images      List images
  login       Authenticate to a registry
  logout      Log out from a registry
  search      Search Docker Hub for images
  version     Show the Docker version information
  info        Display system-wide information

Management Commands:
  builder     Manage builds
  checkpoint  Manage checkpoints
  container   Manage containers
  context     Manage contexts
  image       Manage images
  manifest    Manage Docker image manifests and manifest lists
  network     Manage networks
  plugin      Manage plugins
  system      Manage Docker
  trust       Manage trust on Docker images
  volume      Manage volumes

Swarm Commands:
  config      Manage Swarm configs
  node        Manage Swarm nodes
  secret      Manage Swarm secrets
  service     Manage Swarm services
  stack       Manage Swarm stacks
  swarm       Manage Swarm

Commands:
  attach      Attach local standard input, output, and error streams to a running container
  commit      Create a new image from a container's changes
  cp          Copy files/folders between a container and the local filesystem
  create      Create a new container
  diff        Inspect changes to files or directories on a container's filesystem
  events      Get real time events from the server
  export      Export a container's filesystem as a tar archive
  history     Show the history of an image
  import      Import the contents from a tarball to create a filesystem image
  inspect     Return low-level information on Docker objects
  kill        Kill one or more running containers
  load        Load an image from a tar archive or STDIN
  logs        Fetch the logs of a container
  pause       Pause all processes within one or more containers
  port        List port mappings or a specific mapping for the container
  rename      Rename a container
  restart     Restart one or more containers
  rm          Remove one or more containers
  rmi         Remove one or more images
  save        Save one or more images to a tar archive (streamed to STDOUT by default)
  start       Start one or more stopped containers
  stats       Display a live stream of container(s) resource usage statistics
  stop        Stop one or more running containers
  tag         Create a tag TARGET_IMAGE that refers to SOURCE_IMAGE
  top         Display the running processes of a container
  unpause     Unpause all processes within one or more containers
  update      Update configuration of one or more containers
  wait        Block until one or more containers stop, then print their exit codes

Global Options:
      --config string      Location of client config files (default
                           "/home/node404/.docker")
  -c, --context string     Name of the context to use to connect to the
                           daemon (overrides DOCKER_HOST env var and
                           default context set with "docker context use")
  -D, --debug              Enable debug mode
  -H, --host list          Daemon socket to connect to
  -l, --log-level string   Set the logging level ("debug", "info",
                           "warn", "error", "fatal") (default "info")
      --tls                Use TLS; implied by --tlsverify
      --tlscacert string   Trust certs signed only by this CA (default
                           "/home/node404/.docker/ca.pem")
      --tlscert string     Path to TLS certificate file (default
                           "/home/node404/.docker/cert.pem")
      --tlskey string      Path to TLS key file (default
                           "/home/node404/.docker/key.pem")
      --tlsverify          Use TLS and verify the remote
  -v, --version            Print version information and quit

Run 'docker COMMAND --help' for more information on a command.

For more help on how to use Docker, head to https://docs.docker.com/go/guides/

node404@node404-main:~/CVAT/cvat$ sudo apt remove docker-compose-plugin
pip install docker-compose==1.29.2
docker-compose up -d
パッケージリストを読み込んでいます... 完了
依存関係ツリーを作成しています... 完了        
状態情報を読み取っています... 完了        
E: パッケージ docker-compose-plugin が見つかりません
コマンド 'pip' が見つかりません。次の方法でインストールできます:
sudo apt install python3-pip
ERROR: The Compose file './docker-compose.yml' is invalid because:
services.cvat_grafana.environment.GF_AUTH_BASIC_ENABLED contains false, which is an invalid type, it should be a string, number, or a null
node404@node404-main:~/CVAT/cvat$ docker-compose up -d
ERROR: The Compose file './docker-compose.yml' is invalid because:
services.cvat_grafana.environment.GF_AUTH_BASIC_ENABLED contains false, which is an invalid type, it should be a string, number, or a null
node404@node404-main:~/CVAT/cvat$ docker-compose up -d
Traceback (most recent call last):
  File "/usr/lib/python3/dist-packages/urllib3/connectionpool.py", line 791, in urlopen
    response = self._make_request(
               ^^^^^^^^^^^^^^^^^^^
  File "/usr/lib/python3/dist-packages/urllib3/connectionpool.py", line 497, in _make_request
    conn.request(
  File "/usr/lib/python3/dist-packages/urllib3/connection.py", line 395, in request
    self.endheaders()
  File "/usr/lib/python3.12/http/client.py", line 1331, in endheaders
    self._send_output(message_body, encode_chunked=encode_chunked)
  File "/usr/lib/python3.12/http/client.py", line 1091, in _send_output
    self.send(msg)
  File "/usr/lib/python3.12/http/client.py", line 1035, in send
    self.connect()
  File "/usr/lib/python3/dist-packages/docker/transport/unixconn.py", line 27, in connect
    sock.connect(self.unix_socket)
PermissionError: [Errno 13] Permission denied

During handling of the above exception, another exception occurred:

Traceback (most recent call last):
  File "/usr/lib/python3/dist-packages/requests/adapters.py", line 486, in send
    resp = conn.urlopen(
           ^^^^^^^^^^^^^
  File "/usr/lib/python3/dist-packages/urllib3/connectionpool.py", line 845, in urlopen
    retries = retries.increment(
              ^^^^^^^^^^^^^^^^^^
  File "/usr/lib/python3/dist-packages/urllib3/util/retry.py", line 472, in increment
    raise reraise(type(error), error, _stacktrace)
          ^^^^^^^^^^^^^^^^^^^^^^^^^^^^^^^^^^^^^^^^
  File "/usr/lib/python3/dist-packages/urllib3/util/util.py", line 38, in reraise
    raise value.with_traceback(tb)
  File "/usr/lib/python3/dist-packages/urllib3/connectionpool.py", line 791, in urlopen
    response = self._make_request(
               ^^^^^^^^^^^^^^^^^^^
  File "/usr/lib/python3/dist-packages/urllib3/connectionpool.py", line 497, in _make_request
    conn.request(
  File "/usr/lib/python3/dist-packages/urllib3/connection.py", line 395, in request
    self.endheaders()
  File "/usr/lib/python3.12/http/client.py", line 1331, in endheaders
    self._send_output(message_body, encode_chunked=encode_chunked)
  File "/usr/lib/python3.12/http/client.py", line 1091, in _send_output
    self.send(msg)
  File "/usr/lib/python3.12/http/client.py", line 1035, in send
    self.connect()
  File "/usr/lib/python3/dist-packages/docker/transport/unixconn.py", line 27, in connect
    sock.connect(self.unix_socket)
urllib3.exceptions.ProtocolError: ('Connection aborted.', PermissionError(13, 'Permission denied'))

During handling of the above exception, another exception occurred:

Traceback (most recent call last):
  File "/usr/lib/python3/dist-packages/docker/api/client.py", line 214, in _retrieve_server_version
    return self.version(api_version=False)["ApiVersion"]
           ^^^^^^^^^^^^^^^^^^^^^^^^^^^^^^^
  File "/usr/lib/python3/dist-packages/docker/api/daemon.py", line 181, in version
    return self._result(self._get(url), json=True)
                        ^^^^^^^^^^^^^^
  File "/usr/lib/python3/dist-packages/docker/utils/decorators.py", line 46, in inner
    return f(self, *args, **kwargs)
           ^^^^^^^^^^^^^^^^^^^^^^^^
  File "/usr/lib/python3/dist-packages/docker/api/client.py", line 237, in _get
    return self.get(url, **self._set_request_timeout(kwargs))
           ^^^^^^^^^^^^^^^^^^^^^^^^^^^^^^^^^^^^^^^^^^^^^^^^^^
  File "/usr/lib/python3/dist-packages/requests/sessions.py", line 602, in get
    return self.request("GET", url, **kwargs)
           ^^^^^^^^^^^^^^^^^^^^^^^^^^^^^^^^^^
  File "/usr/lib/python3/dist-packages/requests/sessions.py", line 589, in request
    resp = self.send(prep, **send_kwargs)
           ^^^^^^^^^^^^^^^^^^^^^^^^^^^^^^
  File "/usr/lib/python3/dist-packages/requests/sessions.py", line 703, in send
    r = adapter.send(request, **kwargs)
        ^^^^^^^^^^^^^^^^^^^^^^^^^^^^^^^
  File "/usr/lib/python3/dist-packages/requests/adapters.py", line 501, in send
    raise ConnectionError(err, request=request)
requests.exceptions.ConnectionError: ('Connection aborted.', PermissionError(13, 'Permission denied'))

During handling of the above exception, another exception occurred:

Traceback (most recent call last):
  File "/usr/bin/docker-compose", line 33, in <module>
    sys.exit(load_entry_point('docker-compose==1.29.2', 'console_scripts', 'docker-compose')())
             ^^^^^^^^^^^^^^^^^^^^^^^^^^^^^^^^^^^^^^^^^^^^^^^^^^^^^^^^^^^^^^^^^^^^^^^^^^^^^^^^^
  File "/usr/lib/python3/dist-packages/compose/cli/main.py", line 81, in main
    command_func()
  File "/usr/lib/python3/dist-packages/compose/cli/main.py", line 200, in perform_command
    project = project_from_options('.', options)
              ^^^^^^^^^^^^^^^^^^^^^^^^^^^^^^^^^^
  File "/usr/lib/python3/dist-packages/compose/cli/command.py", line 60, in project_from_options
    return get_project(
           ^^^^^^^^^^^^
  File "/usr/lib/python3/dist-packages/compose/cli/command.py", line 152, in get_project
    client = get_client(
             ^^^^^^^^^^^
  File "/usr/lib/python3/dist-packages/compose/cli/docker_client.py", line 41, in get_client
    client = docker_client(
             ^^^^^^^^^^^^^^
  File "/usr/lib/python3/dist-packages/compose/cli/docker_client.py", line 170, in docker_client
    client = APIClient(use_ssh_client=not use_paramiko_ssh, **kwargs)
             ^^^^^^^^^^^^^^^^^^^^^^^^^^^^^^^^^^^^^^^^^^^^^^^^^^^^^^^^
  File "/usr/lib/python3/dist-packages/docker/api/client.py", line 197, in __init__
    self._version = self._retrieve_server_version()
                    ^^^^^^^^^^^^^^^^^^^^^^^^^^^^^^^
  File "/usr/lib/python3/dist-packages/docker/api/client.py", line 221, in _retrieve_server_version
    raise DockerException(
docker.errors.DockerException: Error while fetching server API version: ('Connection aborted.', PermissionError(13, 'Permission denied'))
node404@node404-main:~/CVAT/cvat$ docker compose up -d
unknown shorthand flag: 'd' in -d
See 'docker --help'.

Usage:  docker [OPTIONS] COMMAND

A self-sufficient runtime for containers

Common Commands:
  run         Create and run a new container from an image
  exec        Execute a command in a running container
  ps          List containers
  build       Build an image from a Dockerfile
  pull        Download an image from a registry
  push        Upload an image to a registry
  images      List images
  login       Authenticate to a registry
  logout      Log out from a registry
  search      Search Docker Hub for images
  version     Show the Docker version information
  info        Display system-wide information

Management Commands:
  builder     Manage builds
  checkpoint  Manage checkpoints
  container   Manage containers
  context     Manage contexts
  image       Manage images
  manifest    Manage Docker image manifests and manifest lists
  network     Manage networks
  plugin      Manage plugins
  system      Manage Docker
  trust       Manage trust on Docker images
  volume      Manage volumes

Swarm Commands:
  config      Manage Swarm configs
  node        Manage Swarm nodes
  secret      Manage Swarm secrets
  service     Manage Swarm services
  stack       Manage Swarm stacks
  swarm       Manage Swarm

Commands:
  attach      Attach local standard input, output, and error streams to a running container
  commit      Create a new image from a container's changes
  cp          Copy files/folders between a container and the local filesystem
  create      Create a new container
  diff        Inspect changes to files or directories on a container's filesystem
  events      Get real time events from the server
  export      Export a container's filesystem as a tar archive
  history     Show the history of an image
  import      Import the contents from a tarball to create a filesystem image
  inspect     Return low-level information on Docker objects
  kill        Kill one or more running containers
  load        Load an image from a tar archive or STDIN
  logs        Fetch the logs of a container
  pause       Pause all processes within one or more containers
  port        List port mappings or a specific mapping for the container
  rename      Rename a container
  restart     Restart one or more containers
  rm          Remove one or more containers
  rmi         Remove one or more images
  save        Save one or more images to a tar archive (streamed to STDOUT by default)
  start       Start one or more stopped containers
  stats       Display a live stream of container(s) resource usage statistics
  stop        Stop one or more running containers
  tag         Create a tag TARGET_IMAGE that refers to SOURCE_IMAGE
  top         Display the running processes of a container
  unpause     Unpause all processes within one or more containers
  update      Update configuration of one or more containers
  wait        Block until one or more containers stop, then print their exit codes

Global Options:
      --config string      Location of client config files (default
                           "/home/node404/.docker")
  -c, --context string     Name of the context to use to connect to the
                           daemon (overrides DOCKER_HOST env var and
                           default context set with "docker context use")
  -D, --debug              Enable debug mode
  -H, --host list          Daemon socket to connect to
  -l, --log-level string   Set the logging level ("debug", "info",
                           "warn", "error", "fatal") (default "info")
      --tls                Use TLS; implied by --tlsverify
      --tlscacert string   Trust certs signed only by this CA (default
                           "/home/node404/.docker/ca.pem")
      --tlscert string     Path to TLS certificate file (default
                           "/home/node404/.docker/cert.pem")
      --tlskey string      Path to TLS key file (default
                           "/home/node404/.docker/key.pem")
      --tlsverify          Use TLS and verify the remote
  -v, --version            Print version information and quit

Run 'docker COMMAND --help' for more information on a command.

For more help on how to use Docker, head to https://docs.docker.com/go/guides/

node404@node404-main:~/CVAT/cvat$ docker compose up -d
unknown shorthand flag: 'd' in -d
See 'docker --help'.

Usage:  docker [OPTIONS] COMMAND

A self-sufficient runtime for containers

Common Commands:
  run         Create and run a new container from an image
  exec        Execute a command in a running container
  ps          List containers
  build       Build an image from a Dockerfile
  pull        Download an image from a registry
  push        Upload an image to a registry
  images      List images
  login       Authenticate to a registry
  logout      Log out from a registry
  search      Search Docker Hub for images
  version     Show the Docker version information
  info        Display system-wide information

Management Commands:
  builder     Manage builds
  checkpoint  Manage checkpoints
  container   Manage containers
  context     Manage contexts
  image       Manage images
  manifest    Manage Docker image manifests and manifest lists
  network     Manage networks
  plugin      Manage plugins
  system      Manage Docker
  trust       Manage trust on Docker images
  volume      Manage volumes

Swarm Commands:
  config      Manage Swarm configs
  node        Manage Swarm nodes
  secret      Manage Swarm secrets
  service     Manage Swarm services
  stack       Manage Swarm stacks
  swarm       Manage Swarm

Commands:
  attach      Attach local standard input, output, and error streams to a running container
  commit      Create a new image from a container's changes
  cp          Copy files/folders between a container and the local filesystem
  create      Create a new container
  diff        Inspect changes to files or directories on a container's filesystem
  events      Get real time events from the server
  export      Export a container's filesystem as a tar archive
  history     Show the history of an image
  import      Import the contents from a tarball to create a filesystem image
  inspect     Return low-level information on Docker objects
  kill        Kill one or more running containers
  load        Load an image from a tar archive or STDIN
  logs        Fetch the logs of a container
  pause       Pause all processes within one or more containers
  port        List port mappings or a specific mapping for the container
  rename      Rename a container
  restart     Restart one or more containers
  rm          Remove one or more containers
  rmi         Remove one or more images
  save        Save one or more images to a tar archive (streamed to STDOUT by default)
  start       Start one or more stopped containers
  stats       Display a live stream of container(s) resource usage statistics
  stop        Stop one or more running containers
  tag         Create a tag TARGET_IMAGE that refers to SOURCE_IMAGE
  top         Display the running processes of a container
  unpause     Unpause all processes within one or more containers
  update      Update configuration of one or more containers
  wait        Block until one or more containers stop, then print their exit codes

Global Options:
      --config string      Location of client config files (default
                           "/home/node404/.docker")
  -c, --context string     Name of the context to use to connect to the
                           daemon (overrides DOCKER_HOST env var and
                           default context set with "docker context use")
  -D, --debug              Enable debug mode
  -H, --host list          Daemon socket to connect to
  -l, --log-level string   Set the logging level ("debug", "info",
                           "warn", "error", "fatal") (default "info")
      --tls                Use TLS; implied by --tlsverify
      --tlscacert string   Trust certs signed only by this CA (default
                           "/home/node404/.docker/ca.pem")
      --tlscert string     Path to TLS certificate file (default
                           "/home/node404/.docker/cert.pem")
      --tlskey string      Path to TLS key file (default
                           "/home/node404/.docker/key.pem")
      --tlsverify          Use TLS and verify the remote
  -v, --version            Print version information and quit

Run 'docker COMMAND --help' for more information on a command.

For more help on how to use Docker, head to https://docs.docker.com/go/guides/

node404@node404-main:~/CVAT/cvat$ docker-compose up -d
Traceback (most recent call last):
  File "/usr/lib/python3/dist-packages/urllib3/connectionpool.py", line 791, in urlopen
    response = self._make_request(
               ^^^^^^^^^^^^^^^^^^^
  File "/usr/lib/python3/dist-packages/urllib3/connectionpool.py", line 497, in _make_request
    conn.request(
  File "/usr/lib/python3/dist-packages/urllib3/connection.py", line 395, in request
    self.endheaders()
  File "/usr/lib/python3.12/http/client.py", line 1331, in endheaders
    self._send_output(message_body, encode_chunked=encode_chunked)
  File "/usr/lib/python3.12/http/client.py", line 1091, in _send_output
    self.send(msg)
  File "/usr/lib/python3.12/http/client.py", line 1035, in send
    self.connect()
  File "/usr/lib/python3/dist-packages/docker/transport/unixconn.py", line 27, in connect
    sock.connect(self.unix_socket)
PermissionError: [Errno 13] Permission denied

During handling of the above exception, another exception occurred:

Traceback (most recent call last):
  File "/usr/lib/python3/dist-packages/requests/adapters.py", line 486, in send
    resp = conn.urlopen(
           ^^^^^^^^^^^^^
  File "/usr/lib/python3/dist-packages/urllib3/connectionpool.py", line 845, in urlopen
    retries = retries.increment(
              ^^^^^^^^^^^^^^^^^^
  File "/usr/lib/python3/dist-packages/urllib3/util/retry.py", line 472, in increment
    raise reraise(type(error), error, _stacktrace)
          ^^^^^^^^^^^^^^^^^^^^^^^^^^^^^^^^^^^^^^^^
  File "/usr/lib/python3/dist-packages/urllib3/util/util.py", line 38, in reraise
    raise value.with_traceback(tb)
  File "/usr/lib/python3/dist-packages/urllib3/connectionpool.py", line 791, in urlopen
    response = self._make_request(
               ^^^^^^^^^^^^^^^^^^^
  File "/usr/lib/python3/dist-packages/urllib3/connectionpool.py", line 497, in _make_request
    conn.request(
  File "/usr/lib/python3/dist-packages/urllib3/connection.py", line 395, in request
    self.endheaders()
  File "/usr/lib/python3.12/http/client.py", line 1331, in endheaders
    self._send_output(message_body, encode_chunked=encode_chunked)
  File "/usr/lib/python3.12/http/client.py", line 1091, in _send_output
    self.send(msg)
  File "/usr/lib/python3.12/http/client.py", line 1035, in send
    self.connect()
  File "/usr/lib/python3/dist-packages/docker/transport/unixconn.py", line 27, in connect
    sock.connect(self.unix_socket)
urllib3.exceptions.ProtocolError: ('Connection aborted.', PermissionError(13, 'Permission denied'))

During handling of the above exception, another exception occurred:

Traceback (most recent call last):
  File "/usr/lib/python3/dist-packages/docker/api/client.py", line 214, in _retrieve_server_version
    return self.version(api_version=False)["ApiVersion"]
           ^^^^^^^^^^^^^^^^^^^^^^^^^^^^^^^
  File "/usr/lib/python3/dist-packages/docker/api/daemon.py", line 181, in version
    return self._result(self._get(url), json=True)
                        ^^^^^^^^^^^^^^
  File "/usr/lib/python3/dist-packages/docker/utils/decorators.py", line 46, in inner
    return f(self, *args, **kwargs)
           ^^^^^^^^^^^^^^^^^^^^^^^^
  File "/usr/lib/python3/dist-packages/docker/api/client.py", line 237, in _get
    return self.get(url, **self._set_request_timeout(kwargs))
           ^^^^^^^^^^^^^^^^^^^^^^^^^^^^^^^^^^^^^^^^^^^^^^^^^^
  File "/usr/lib/python3/dist-packages/requests/sessions.py", line 602, in get
    return self.request("GET", url, **kwargs)
           ^^^^^^^^^^^^^^^^^^^^^^^^^^^^^^^^^^
  File "/usr/lib/python3/dist-packages/requests/sessions.py", line 589, in request
    resp = self.send(prep, **send_kwargs)
           ^^^^^^^^^^^^^^^^^^^^^^^^^^^^^^
  File "/usr/lib/python3/dist-packages/requests/sessions.py", line 703, in send
    r = adapter.send(request, **kwargs)
        ^^^^^^^^^^^^^^^^^^^^^^^^^^^^^^^
  File "/usr/lib/python3/dist-packages/requests/adapters.py", line 501, in send
    raise ConnectionError(err, request=request)
requests.exceptions.ConnectionError: ('Connection aborted.', PermissionError(13, 'Permission denied'))

During handling of the above exception, another exception occurred:

Traceback (most recent call last):
  File "/usr/bin/docker-compose", line 33, in <module>
    sys.exit(load_entry_point('docker-compose==1.29.2', 'console_scripts', 'docker-compose')())
             ^^^^^^^^^^^^^^^^^^^^^^^^^^^^^^^^^^^^^^^^^^^^^^^^^^^^^^^^^^^^^^^^^^^^^^^^^^^^^^^^^
  File "/usr/lib/python3/dist-packages/compose/cli/main.py", line 81, in main
    command_func()
  File "/usr/lib/python3/dist-packages/compose/cli/main.py", line 200, in perform_command
    project = project_from_options('.', options)
              ^^^^^^^^^^^^^^^^^^^^^^^^^^^^^^^^^^
  File "/usr/lib/python3/dist-packages/compose/cli/command.py", line 60, in project_from_options
    return get_project(
           ^^^^^^^^^^^^
  File "/usr/lib/python3/dist-packages/compose/cli/command.py", line 152, in get_project
    client = get_client(
             ^^^^^^^^^^^
  File "/usr/lib/python3/dist-packages/compose/cli/docker_client.py", line 41, in get_client
    client = docker_client(
             ^^^^^^^^^^^^^^
  File "/usr/lib/python3/dist-packages/compose/cli/docker_client.py", line 170, in docker_client
    client = APIClient(use_ssh_client=not use_paramiko_ssh, **kwargs)
             ^^^^^^^^^^^^^^^^^^^^^^^^^^^^^^^^^^^^^^^^^^^^^^^^^^^^^^^^
  File "/usr/lib/python3/dist-packages/docker/api/client.py", line 197, in __init__
    self._version = self._retrieve_server_version()
                    ^^^^^^^^^^^^^^^^^^^^^^^^^^^^^^^
  File "/usr/lib/python3/dist-packages/docker/api/client.py", line 221, in _retrieve_server_version
    raise DockerException(
docker.errors.DockerException: Error while fetching server API version: ('Connection aborted.', PermissionError(13, 'Permission denied'))
node404@node404-main:~/CVAT/cvat$ sudo docker-compose up -d
Creating network "cvat_cvat" with the default driver
Creating volume "cvat_cvat_db" with default driver
Creating volume "cvat_cvat_data" with default driver
Creating volume "cvat_cvat_keys" with default driver
Creating volume "cvat_cvat_logs" with default driver
Creating volume "cvat_cvat_inmem_db" with default driver
Creating volume "cvat_cvat_events_db" with default driver
Creating volume "cvat_cvat_cache_db" with default driver
Pulling cvat_db (postgres:15-alpine)...
15-alpine: Pulling from library/postgres
2d35ebdb57d9: Pull complete
d7cf304fb91a: Pull complete
01a8e1e8a6d3: Pull complete
c8d6a201b2ea: Pull complete
665050181beb: Pull complete
e7d8b5a29e19: Pull complete
b7a5b6d84454: Pull complete
8e7af31e0abd: Pull complete
0a297d5cb757: Pull complete
78753f2bcd40: Pull complete
9229d0c336e2: Pull complete
Digest: sha256:64583b3cb4f2010277bdd9749456de78e5c36f8956466ba14b0b96922e510950
Status: Downloaded newer image for postgres:15-alpine
Pulling cvat_redis_inmem (redis:7.2.11-alpine)...
7.2.11-alpine: Pulling from library/redis
f637881d1138: Pull complete
b42585dd5781: Pull complete
7b00dfa6f01a: Pull complete
9814da52ba6e: Pull complete
046d5698e26d: Pull complete
3a7323b794be: Pull complete
4f4fb700ef54: Pull complete
32431906a570: Pull complete
Digest: sha256:1a34bdba051ecd8a58ec8a3cc460acef697a1605e918149cc53d920673c1a0a7
Status: Downloaded newer image for redis:7.2.11-alpine
Pulling cvat_redis_ondisk (apache/kvrocks:2.12.1)...
2.12.1: Pulling from apache/kvrocks
254e724d7786: Pull complete
1c319625fb96: Pull complete
52b0d340f357: Pull complete
ce88ce0bf173: Pull complete
dde28eff47a4: Pull complete
3a75995171a4: Pull complete
b388bd8cd6f4: Pull complete
Digest: sha256:90ec54027bcad4abc786c70b2b4ec3b9f2ac0d8a5879907738707c7330ddc89c
Status: Downloaded newer image for apache/kvrocks:2.12.1
Pulling traefik (traefik:v3.3)...
v3.3: Pulling from library/traefik
f18232174bc9: Pull complete
53e4add0faa4: Pull complete
38517210487f: Pull complete
52540cfbfa08: Pull complete
Digest: sha256:2cd5cc75530c8d07ae0587c743d23eb30cae2436d07017a5ff78498b1a43d09f
Status: Downloaded newer image for traefik:v3.3
Pulling cvat_opa (openpolicyagent/opa:0.63.0)...
0.63.0: Pulling from openpolicyagent/opa
31a7b3a533fc: Pull complete
b8e95cb2dafe: Pull complete
Digest: sha256:d186780196907cbd596c9b70fa9563da9b7d37699dc446867bd777ced2d1714c
Status: Downloaded newer image for openpolicyagent/opa:0.63.0
Pulling cvat_clickhouse (clickhouse/clickhouse-server:23.11-alpine)...
23.11-alpine: Pulling from clickhouse/clickhouse-server
4abcf2066143: Pull complete
b2132deeeb81: Pull complete
7b359a0dd73a: Pull complete
a65f1f994655: Pull complete
96e78ae2dc51: Pull complete
215574f3c077: Pull complete
684449453196: Pull complete
Digest: sha256:731d490d85e5572ad2f519f0e467d8dc604bf692cb52541434e612a9747c1cf4
Status: Downloaded newer image for clickhouse/clickhouse-server:23.11-alpine
Pulling cvat_worker_consensus (cvat/server:dev)...
dev: Pulling from cvat/server
828c1365039a: Pull complete
255230588578: Pull complete
2cee977bfc76: Pull complete
f3b6259bc266: Pull complete
4f4fb700ef54: Pull complete
891c3cd33460: Pull complete
e99b2e1404da: Pull complete
6d37851913ec: Pull complete
b43e7448ad71: Pull complete
2808b1bc44a7: Pull complete
41aab27b858c: Pull complete
40b74afa71b0: Pull complete
be0c7a0fe39d: Pull complete
201ae3f7636c: Pull complete
5532222d0229: Pull complete
7e1f644fed18: Pull complete
bf518d6bafce: Pull complete
c74340acf35d: Pull complete
53d1f5a50b31: Pull complete
7107c3994dd7: Pull complete
Digest: sha256:326e99ab58e121373b613cc08098a4e5de4477275a71551b650a956550d15784
Status: Downloaded newer image for cvat/server:dev
Pulling cvat_ui (cvat/ui:dev)...
dev: Pulling from cvat/ui
2d35ebdb57d9: Already exists
e2b4d070caf4: Pull complete
4c6fc2a1ef63: Pull complete
3265d05368fa: Pull complete
440b902cd675: Pull complete
e2593e265809: Pull complete
30d2adce525e: Pull complete
238281890857: Pull complete
79da841108a8: Pull complete
efeb3807e7c5: Pull complete
a5368528cb82: Pull complete
Digest: sha256:d408388f83f4d2ff48df28fd488c4ac5e794f184a203a37fc3e7a667f4218338
Status: Downloaded newer image for cvat/ui:dev
Pulling cvat_vector (timberio/vector:0.26.0-alpine)...
0.26.0-alpine: Pulling from timberio/vector
c7ed990a2339: Pull complete
546131ec4291: Pull complete
9a49d0a0939f: Pull complete
00aede00f8b2: Pull complete
cfbbccf3a89e: Pull complete
4f4fb700ef54: Pull complete
Digest: sha256:13779856a8afe8240a1549208040dec12a50cd9b9d98b577d9327d2c212499d8
Status: Downloaded newer image for timberio/vector:0.26.0-alpine
Pulling cvat_grafana (grafana/grafana-oss:10.1.2)...
10.1.2: Pulling from grafana/grafana-oss
7264a8db6415: Pull complete
f27c75a93844: Pull complete
9b87d67a7581: Pull complete
3353cc2fc7b0: Pull complete
b87789fbbe1b: Pull complete
31849cb4c317: Pull complete
0c400066024c: Pull complete
bf5aaa05542d: Pull complete
a8175b33e0c7: Pull complete
a18fe23f91d7: Pull complete
Digest: sha256:63854c5592bab6c7b8ac2ceb35b420925465eb24ef05f2402e4cb805253efb46
Status: Downloaded newer image for grafana/grafana-oss:10.1.2
Creating cvat_grafana      ... done
Creating cvat_clickhouse   ... done
Creating traefik           ... done
Creating cvat_redis_inmem  ... done
Creating cvat_redis_ondisk ... done
Creating cvat_opa          ... done
Creating cvat_db           ... done
Creating cvat_vector                 ... done
Creating cvat_worker_quality_reports ... done
Creating cvat_worker_utils           ... done
Creating cvat_worker_import          ... done
Creating cvat_worker_chunks          ... done
Creating cvat_worker_annotation      ... done
Creating cvat_worker_consensus       ... done
Creating cvat_worker_webhooks        ... done
Creating cvat_worker_export          ... done
Creating cvat_server                 ... done
Creating cvat_ui                     ... done
node404@node404-main:~/CVAT/cvat$ docker exec -it cvat bash -c "cat /opt/cvat/VERSION"
permission denied while trying to connect to the Docker daemon socket at unix:///var/run/docker.sock: Get "http://%2Fvar%2Frun%2Fdocker.sock/v1.47/containers/cvat/json": dial unix /var/run/docker.sock: connect: permission denied
node404@node404-main:~/CVAT/cvat$ sudo docker exec -it cvat bash -c "cat /opt/cvat/VERSION"
Error response from daemon: No such container: cvat
node404@node404-main:~/CVAT/cvat$ sudo docker exec -it cvat_server cat /opt/cvat/VERSION
cat: /opt/cvat/VERSION: No such file or directory
node404@node404-main:~/CVAT/cvat$ sudo docker exec -it cvat_ui cat /opt/cvat/VERSION
cat: can't open '/opt/cvat/VERSION': No such file or directory
node404@node404-main:~/CVAT/cvat$ sudo docker ps
CONTAINER ID   IMAGE                                       COMMAND                   CREATED         STATUS                   PORTS                                                                                          NAMES
fa516ff36f15   cvat/ui:dev                                 "/docker-entrypoint.…"   7 minutes ago   Up 7 minutes             8080/tcp                                                                                       cvat_ui
ebedb7e97818   cvat/server:dev                             "./backend_entrypoin…"   7 minutes ago   Up 7 minutes             8080/tcp                                                                                       cvat_worker_consensus
0360dd22521f   cvat/server:dev                             "./backend_entrypoin…"   7 minutes ago   Up 7 minutes             8080/tcp                                                                                       cvat_worker_annotation
39bca0ab86c0   cvat/server:dev                             "./backend_entrypoin…"   7 minutes ago   Up 7 minutes             8080/tcp                                                                                       cvat_worker_export
3dd8ff3e78f4   cvat/server:dev                             "./backend_entrypoin…"   7 minutes ago   Up 7 minutes             8080/tcp                                                                                       cvat_server
1b842452e38a   cvat/server:dev                             "./backend_entrypoin…"   7 minutes ago   Up 7 minutes             8080/tcp                                                                                       cvat_worker_webhooks
47a8967c0fc6   cvat/server:dev                             "./backend_entrypoin…"   7 minutes ago   Up 7 minutes             8080/tcp                                                                                       cvat_worker_chunks
fe8589f1d5c7   cvat/server:dev                             "./backend_entrypoin…"   7 minutes ago   Up 7 minutes             8080/tcp                                                                                       cvat_worker_import
73533476a656   cvat/server:dev                             "./backend_entrypoin…"   7 minutes ago   Up 7 minutes             8080/tcp                                                                                       cvat_worker_utils
60da51b62bfc   cvat/server:dev                             "./backend_entrypoin…"   7 minutes ago   Up 7 minutes             8080/tcp                                                                                       cvat_worker_quality_reports
656f370e8136   timberio/vector:0.26.0-alpine               "/usr/local/bin/vect…"   7 minutes ago   Up 7 minutes                                                                                                            cvat_vector
e52db6f8ba6e   apache/kvrocks:2.12.1                       "kvrocks -c /var/lib…"   7 minutes ago   Up 7 minutes (healthy)   6666/tcp                                                                                       cvat_redis_ondisk
53ac793fe033   openpolicyagent/opa:0.63.0                  "/opa run --server -…"   7 minutes ago   Up 7 minutes                                                                                                            cvat_opa
54ae5216d2f1   postgres:15-alpine                          "docker-entrypoint.s…"   7 minutes ago   Up 7 minutes             5432/tcp                                                                                       cvat_db
95ece52cf718   redis:7.2.11-alpine                         "docker-entrypoint.s…"   7 minutes ago   Up 7 minutes             6379/tcp                                                                                       cvat_redis_inmem
534ead663555   traefik:v3.3                                "/entrypoint.sh trae…"   7 minutes ago   Up 7 minutes             0.0.0.0:8080->8080/tcp, :::8080->8080/tcp, 80/tcp, 0.0.0.0:8090->8090/tcp, :::8090->8090/tcp   traefik
3314677340ca   clickhouse/clickhouse-server:23.11-alpine   "/entrypoint.sh"          7 minutes ago   Up 7 minutes             8123/tcp, 9000/tcp, 9009/tcp                                                                   cvat_clickhouse
033505f27f07   grafana/grafana-oss:10.1.2                  "sh -euc 'mkdir -p /…"   7 minutes ago   Up 7 minutes             3000/tcp                                                                                       cvat_grafana
node404@node404-main:~/CVAT/cvat$ sudo docker ps
CONTAINER ID   IMAGE                                       COMMAND                   CREATED         STATUS                   PORTS                                                                                          NAMES
fa516ff36f15   cvat/ui:dev                                 "/docker-entrypoint.…"   9 minutes ago   Up 9 minutes             8080/tcp                                                                                       cvat_ui
ebedb7e97818   cvat/server:dev                             "./backend_entrypoin…"   9 minutes ago   Up 9 minutes             8080/tcp                                                                                       cvat_worker_consensus
0360dd22521f   cvat/server:dev                             "./backend_entrypoin…"   9 minutes ago   Up 9 minutes             8080/tcp                                                                                       cvat_worker_annotation
39bca0ab86c0   cvat/server:dev                             "./backend_entrypoin…"   9 minutes ago   Up 9 minutes             8080/tcp                                                                                       cvat_worker_export
3dd8ff3e78f4   cvat/server:dev                             "./backend_entrypoin…"   9 minutes ago   Up 9 minutes             8080/tcp                                                                                       cvat_server
1b842452e38a   cvat/server:dev                             "./backend_entrypoin…"   9 minutes ago   Up 9 minutes             8080/tcp                                                                                       cvat_worker_webhooks
47a8967c0fc6   cvat/server:dev                             "./backend_entrypoin…"   9 minutes ago   Up 9 minutes             8080/tcp                                                                                       cvat_worker_chunks
fe8589f1d5c7   cvat/server:dev                             "./backend_entrypoin…"   9 minutes ago   Up 9 minutes             8080/tcp                                                                                       cvat_worker_import
73533476a656   cvat/server:dev                             "./backend_entrypoin…"   9 minutes ago   Up 9 minutes             8080/tcp                                                                                       cvat_worker_utils
60da51b62bfc   cvat/server:dev                             "./backend_entrypoin…"   9 minutes ago   Up 9 minutes             8080/tcp                                                                                       cvat_worker_quality_reports
656f370e8136   timberio/vector:0.26.0-alpine               "/usr/local/bin/vect…"   9 minutes ago   Up 9 minutes                                                                                                            cvat_vector
e52db6f8ba6e   apache/kvrocks:2.12.1                       "kvrocks -c /var/lib…"   9 minutes ago   Up 9 minutes (healthy)   6666/tcp                                                                                       cvat_redis_ondisk
53ac793fe033   openpolicyagent/opa:0.63.0                  "/opa run --server -…"   9 minutes ago   Up 9 minutes                                                                                                            cvat_opa
54ae5216d2f1   postgres:15-alpine                          "docker-entrypoint.s…"   9 minutes ago   Up 9 minutes             5432/tcp                                                                                       cvat_db
95ece52cf718   redis:7.2.11-alpine                         "docker-entrypoint.s…"   9 minutes ago   Up 9 minutes             6379/tcp                                                                                       cvat_redis_inmem
534ead663555   traefik:v3.3                                "/entrypoint.sh trae…"   9 minutes ago   Up 9 minutes             0.0.0.0:8080->8080/tcp, :::8080->8080/tcp, 80/tcp, 0.0.0.0:8090->8090/tcp, :::8090->8090/tcp   traefik
3314677340ca   clickhouse/clickhouse-server:23.11-alpine   "/entrypoint.sh"          9 minutes ago   Up 9 minutes             8123/tcp, 9000/tcp, 9009/tcp                                                                   cvat_clickhouse
033505f27f07   grafana/grafana-oss:10.1.2                  "sh -euc 'mkdir -p /…"   9 minutes ago   Up 9 minutes             3000/tcp                                                                                       cvat_grafana
node404@node404-main:~/CVAT/cvat$ sudo docker exec -it cvat_server cat /opt/cvat/VERSION
cat: /opt/cvat/VERSION: No such file or directory
node404@node404-main:~/CVAT/cvat$ 

node404@node404-main:~/CVAT/cvat$ grep -R "false" docker-compose*.yml
docker-compose.yml:      ADAPTIVE_AUTO_ANNOTATION: 'false'
docker-compose.yml:      TRAEFIK_PROVIDERS_DOCKER_EXPOSEDBYDEFAULT: "false"
docker-compose.yml:      GF_AUTH_BASIC_ENABLED: "false"
docker-compose.yml:              tlsSkipVerify: false

node404@node404-main:~/CVAT$ cd ~/CVAT
node404@node404-main:~/CVAT$ code bin_to_pcd.py
node404@node404-main:~/CVAT$ 

node404@node404-main:~/CVAT/cvat$ pwd
/home/node404/CVAT/cvat
node404@node404-main:~/CVAT/cvat$ cd /home/node404/CVAT
node404@node404-main:~/CVAT$ source /home/node404/CVAT/bin/activate
(CVAT) node404@node404-main:~/CVAT$ pip install open3d numpy
Collecting open3d
  Using cached open3d-0.19.0-cp312-cp312-manylinux_2_31_x86_64.whl.metadata (4.3 kB)
Requirement already satisfied: numpy in ./lib/python3.12/site-packages (2.2.6)
Collecting dash>=2.6.0 (from open3d)
  Downloading dash-3.2.0-py3-none-any.whl.metadata (10 kB)
Collecting werkzeug>=3.0.0 (from open3d)
  Downloading werkzeug-3.1.3-py3-none-any.whl.metadata (3.7 kB)
Collecting flask>=3.0.0 (from open3d)
  Downloading flask-3.1.2-py3-none-any.whl.metadata (3.2 kB)
Collecting nbformat>=5.7.0 (from open3d)
  Downloading nbformat-5.10.4-py3-none-any.whl.metadata (3.6 kB)
Collecting configargparse (from open3d)
  Downloading configargparse-1.7.1-py3-none-any.whl.metadata (24 kB)
Collecting ipywidgets>=8.0.4 (from open3d)
  Downloading ipywidgets-8.1.7-py3-none-any.whl.metadata (2.4 kB)
Requirement already satisfied: addict in ./lib/python3.12/site-packages (from open3d) (2.4.0)
Requirement already satisfied: pillow>=9.3.0 in ./lib/python3.12/site-packages (from open3d) (11.3.0)
Requirement already satisfied: matplotlib>=3 in ./lib/python3.12/site-packages (from open3d) (3.10.7)
Requirement already satisfied: pandas>=1.0 in ./lib/python3.12/site-packages (from open3d) (2.3.3)
Requirement already satisfied: pyyaml>=5.4.1 in ./lib/python3.12/site-packages (from open3d) (6.0.3)
Collecting scikit-learn>=0.21 (from open3d)
  Using cached scikit_learn-1.7.2-cp312-cp312-manylinux2014_x86_64.manylinux_2_17_x86_64.whl.metadata (11 kB)
Requirement already satisfied: tqdm in ./lib/python3.12/site-packages (from open3d) (4.65.2)
Collecting pyquaternion (from open3d)
  Using cached pyquaternion-0.9.9-py3-none-any.whl.metadata (1.4 kB)
Collecting plotly>=5.0.0 (from dash>=2.6.0->open3d)
  Using cached plotly-6.3.1-py3-none-any.whl.metadata (8.5 kB)
Collecting importlib-metadata (from dash>=2.6.0->open3d)
  Downloading importlib_metadata-8.7.0-py3-none-any.whl.metadata (4.8 kB)
Requirement already satisfied: typing-extensions>=4.1.1 in ./lib/python3.12/site-packages (from dash>=2.6.0->open3d) (4.15.0)
Requirement already satisfied: requests in ./lib/python3.12/site-packages (from dash>=2.6.0->open3d) (2.28.2)
Collecting retrying (from dash>=2.6.0->open3d)
  Downloading retrying-1.4.2-py3-none-any.whl.metadata (5.5 kB)
Collecting nest-asyncio (from dash>=2.6.0->open3d)
  Downloading nest_asyncio-1.6.0-py3-none-any.whl.metadata (2.8 kB)
Requirement already satisfied: setuptools in ./lib/python3.12/site-packages (from dash>=2.6.0->open3d) (80.9.0)
Collecting blinker>=1.9.0 (from flask>=3.0.0->open3d)
  Downloading blinker-1.9.0-py3-none-any.whl.metadata (1.6 kB)
Requirement already satisfied: click>=8.1.3 in ./lib/python3.12/site-packages (from flask>=3.0.0->open3d) (8.3.0)
Collecting itsdangerous>=2.2.0 (from flask>=3.0.0->open3d)
  Downloading itsdangerous-2.2.0-py3-none-any.whl.metadata (1.9 kB)
Requirement already satisfied: jinja2>=3.1.2 in ./lib/python3.12/site-packages (from flask>=3.0.0->open3d) (3.1.6)
Requirement already satisfied: markupsafe>=2.1.1 in ./lib/python3.12/site-packages (from flask>=3.0.0->open3d) (2.1.5)
Collecting comm>=0.1.3 (from ipywidgets>=8.0.4->open3d)
  Downloading comm-0.2.3-py3-none-any.whl.metadata (3.7 kB)
Collecting ipython>=6.1.0 (from ipywidgets>=8.0.4->open3d)
  Downloading ipython-9.6.0-py3-none-any.whl.metadata (4.4 kB)
Collecting traitlets>=4.3.1 (from ipywidgets>=8.0.4->open3d)
  Downloading traitlets-5.14.3-py3-none-any.whl.metadata (10 kB)
Collecting widgetsnbextension~=4.0.14 (from ipywidgets>=8.0.4->open3d)
  Downloading widgetsnbextension-4.0.14-py3-none-any.whl.metadata (1.6 kB)
Collecting jupyterlab_widgets~=3.0.15 (from ipywidgets>=8.0.4->open3d)
  Downloading jupyterlab_widgets-3.0.15-py3-none-any.whl.metadata (20 kB)
Collecting decorator (from ipython>=6.1.0->ipywidgets>=8.0.4->open3d)
  Downloading decorator-5.2.1-py3-none-any.whl.metadata (3.9 kB)
Collecting ipython-pygments-lexers (from ipython>=6.1.0->ipywidgets>=8.0.4->open3d)
  Downloading ipython_pygments_lexers-1.1.1-py3-none-any.whl.metadata (1.1 kB)
Collecting jedi>=0.16 (from ipython>=6.1.0->ipywidgets>=8.0.4->open3d)
  Downloading jedi-0.19.2-py2.py3-none-any.whl.metadata (22 kB)
Collecting matplotlib-inline (from ipython>=6.1.0->ipywidgets>=8.0.4->open3d)
  Downloading matplotlib_inline-0.2.1-py3-none-any.whl.metadata (2.3 kB)
Collecting pexpect>4.3 (from ipython>=6.1.0->ipywidgets>=8.0.4->open3d)
  Downloading pexpect-4.9.0-py2.py3-none-any.whl.metadata (2.5 kB)
Collecting prompt_toolkit<3.1.0,>=3.0.41 (from ipython>=6.1.0->ipywidgets>=8.0.4->open3d)
  Downloading prompt_toolkit-3.0.52-py3-none-any.whl.metadata (6.4 kB)
Requirement already satisfied: pygments>=2.4.0 in ./lib/python3.12/site-packages (from ipython>=6.1.0->ipywidgets>=8.0.4->open3d) (2.19.2)
Collecting stack_data (from ipython>=6.1.0->ipywidgets>=8.0.4->open3d)
  Downloading stack_data-0.6.3-py3-none-any.whl.metadata (18 kB)
Collecting wcwidth (from prompt_toolkit<3.1.0,>=3.0.41->ipython>=6.1.0->ipywidgets>=8.0.4->open3d)
  Downloading wcwidth-0.2.14-py2.py3-none-any.whl.metadata (15 kB)
Collecting parso<0.9.0,>=0.8.4 (from jedi>=0.16->ipython>=6.1.0->ipywidgets>=8.0.4->open3d)
  Downloading parso-0.8.5-py2.py3-none-any.whl.metadata (8.3 kB)
Requirement already satisfied: contourpy>=1.0.1 in ./lib/python3.12/site-packages (from matplotlib>=3->open3d) (1.3.3)
Requirement already satisfied: cycler>=0.10 in ./lib/python3.12/site-packages (from matplotlib>=3->open3d) (0.12.1)
Requirement already satisfied: fonttools>=4.22.0 in ./lib/python3.12/site-packages (from matplotlib>=3->open3d) (4.60.1)
Requirement already satisfied: kiwisolver>=1.3.1 in ./lib/python3.12/site-packages (from matplotlib>=3->open3d) (1.4.9)
Requirement already satisfied: packaging>=20.0 in ./lib/python3.12/site-packages (from matplotlib>=3->open3d) (24.2)
Requirement already satisfied: pyparsing>=3 in ./lib/python3.12/site-packages (from matplotlib>=3->open3d) (3.2.5)
Requirement already satisfied: python-dateutil>=2.7 in ./lib/python3.12/site-packages (from matplotlib>=3->open3d) (2.9.0.post0)
Collecting fastjsonschema>=2.15 (from nbformat>=5.7.0->open3d)
  Downloading fastjsonschema-2.21.2-py3-none-any.whl.metadata (2.3 kB)
Collecting jsonschema>=2.6 (from nbformat>=5.7.0->open3d)
  Downloading jsonschema-4.25.1-py3-none-any.whl.metadata (7.6 kB)
Collecting jupyter-core!=5.0.*,>=4.12 (from nbformat>=5.7.0->open3d)
  Downloading jupyter_core-5.9.1-py3-none-any.whl.metadata (1.5 kB)
Collecting attrs>=22.2.0 (from jsonschema>=2.6->nbformat>=5.7.0->open3d)
  Downloading attrs-25.4.0-py3-none-any.whl.metadata (10 kB)
Collecting jsonschema-specifications>=2023.03.6 (from jsonschema>=2.6->nbformat>=5.7.0->open3d)
  Downloading jsonschema_specifications-2025.9.1-py3-none-any.whl.metadata (2.9 kB)
Collecting referencing>=0.28.4 (from jsonschema>=2.6->nbformat>=5.7.0->open3d)
  Downloading referencing-0.37.0-py3-none-any.whl.metadata (2.8 kB)
Collecting rpds-py>=0.7.1 (from jsonschema>=2.6->nbformat>=5.7.0->open3d)
  Downloading rpds_py-0.28.0-cp312-cp312-manylinux_2_17_x86_64.manylinux2014_x86_64.whl.metadata (4.1 kB)
Collecting platformdirs>=2.5 (from jupyter-core!=5.0.*,>=4.12->nbformat>=5.7.0->open3d)
  Downloading platformdirs-4.5.0-py3-none-any.whl.metadata (12 kB)
Requirement already satisfied: pytz>=2020.1 in ./lib/python3.12/site-packages (from pandas>=1.0->open3d) (2023.4)
Requirement already satisfied: tzdata>=2022.7 in ./lib/python3.12/site-packages (from pandas>=1.0->open3d) (2025.2)
Collecting ptyprocess>=0.5 (from pexpect>4.3->ipython>=6.1.0->ipywidgets>=8.0.4->open3d)
  Downloading ptyprocess-0.7.0-py2.py3-none-any.whl.metadata (1.3 kB)
Collecting narwhals>=1.15.1 (from plotly>=5.0.0->dash>=2.6.0->open3d)
  Downloading narwhals-2.10.0-py3-none-any.whl.metadata (11 kB)
Requirement already satisfied: six>=1.5 in ./lib/python3.12/site-packages (from python-dateutil>=2.7->matplotlib>=3->open3d) (1.17.0)
Requirement already satisfied: scipy>=1.8.0 in ./lib/python3.12/site-packages (from scikit-learn>=0.21->open3d) (1.16.2)
Collecting joblib>=1.2.0 (from scikit-learn>=0.21->open3d)
  Using cached joblib-1.5.2-py3-none-any.whl.metadata (5.6 kB)
Collecting threadpoolctl>=3.1.0 (from scikit-learn>=0.21->open3d)
  Using cached threadpoolctl-3.6.0-py3-none-any.whl.metadata (13 kB)
Collecting zipp>=3.20 (from importlib-metadata->dash>=2.6.0->open3d)
  Downloading zipp-3.23.0-py3-none-any.whl.metadata (3.6 kB)
Requirement already satisfied: charset-normalizer<4,>=2 in ./lib/python3.12/site-packages (from requests->dash>=2.6.0->open3d) (3.4.4)
Requirement already satisfied: idna<4,>=2.5 in ./lib/python3.12/site-packages (from requests->dash>=2.6.0->open3d) (3.11)
Requirement already satisfied: urllib3<1.27,>=1.21.1 in ./lib/python3.12/site-packages (from requests->dash>=2.6.0->open3d) (1.26.20)
Requirement already satisfied: certifi>=2017.4.17 in ./lib/python3.12/site-packages (from requests->dash>=2.6.0->open3d) (2025.10.5)
Collecting executing>=1.2.0 (from stack_data->ipython>=6.1.0->ipywidgets>=8.0.4->open3d)
  Downloading executing-2.2.1-py2.py3-none-any.whl.metadata (8.9 kB)
Collecting asttokens>=2.1.0 (from stack_data->ipython>=6.1.0->ipywidgets>=8.0.4->open3d)
  Downloading asttokens-3.0.0-py3-none-any.whl.metadata (4.7 kB)
Collecting pure-eval (from stack_data->ipython>=6.1.0->ipywidgets>=8.0.4->open3d)
  Downloading pure_eval-0.2.3-py3-none-any.whl.metadata (6.3 kB)
Downloading open3d-0.19.0-cp312-cp312-manylinux_2_31_x86_64.whl (447.7 MB)
   ━━━━━━━━━━━━━━━━━━━━━━━━━━━━━━━━━━━━━━━━ 447.7/447.7 MB 68.7 MB/s  0:00:06
Downloading dash-3.2.0-py3-none-any.whl (7.9 MB)
   ━━━━━━━━━━━━━━━━━━━━━━━━━━━━━━━━━━━━━━━━ 7.9/7.9 MB 79.8 MB/s  0:00:00
Downloading flask-3.1.2-py3-none-any.whl (103 kB)
Downloading werkzeug-3.1.3-py3-none-any.whl (224 kB)
Downloading blinker-1.9.0-py3-none-any.whl (8.5 kB)
Downloading ipywidgets-8.1.7-py3-none-any.whl (139 kB)
Downloading jupyterlab_widgets-3.0.15-py3-none-any.whl (216 kB)
Downloading widgetsnbextension-4.0.14-py3-none-any.whl (2.2 MB)
   ━━━━━━━━━━━━━━━━━━━━━━━━━━━━━━━━━━━━━━━━ 2.2/2.2 MB 69.2 MB/s  0:00:00
Downloading comm-0.2.3-py3-none-any.whl (7.3 kB)
Downloading ipython-9.6.0-py3-none-any.whl (616 kB)
   ━━━━━━━━━━━━━━━━━━━━━━━━━━━━━━━━━━━━━━━━ 616.2/616.2 kB 35.2 MB/s  0:00:00
Downloading prompt_toolkit-3.0.52-py3-none-any.whl (391 kB)
Downloading itsdangerous-2.2.0-py3-none-any.whl (16 kB)
Downloading jedi-0.19.2-py2.py3-none-any.whl (1.6 MB)
   ━━━━━━━━━━━━━━━━━━━━━━━━━━━━━━━━━━━━━━━━ 1.6/1.6 MB 60.3 MB/s  0:00:00
Downloading parso-0.8.5-py2.py3-none-any.whl (106 kB)
Downloading nbformat-5.10.4-py3-none-any.whl (78 kB)
Downloading fastjsonschema-2.21.2-py3-none-any.whl (24 kB)
Downloading jsonschema-4.25.1-py3-none-any.whl (90 kB)
Downloading attrs-25.4.0-py3-none-any.whl (67 kB)
Downloading jsonschema_specifications-2025.9.1-py3-none-any.whl (18 kB)
Downloading jupyter_core-5.9.1-py3-none-any.whl (29 kB)
Downloading pexpect-4.9.0-py2.py3-none-any.whl (63 kB)
Downloading platformdirs-4.5.0-py3-none-any.whl (18 kB)
Downloading plotly-6.3.1-py3-none-any.whl (9.8 MB)
   ━━━━━━━━━━━━━━━━━━━━━━━━━━━━━━━━━━━━━━━━ 9.8/9.8 MB 75.3 MB/s  0:00:00
Downloading narwhals-2.10.0-py3-none-any.whl (418 kB)
Downloading ptyprocess-0.7.0-py2.py3-none-any.whl (13 kB)
Downloading referencing-0.37.0-py3-none-any.whl (26 kB)
Downloading rpds_py-0.28.0-cp312-cp312-manylinux_2_17_x86_64.manylinux2014_x86_64.whl (386 kB)
Downloading scikit_learn-1.7.2-cp312-cp312-manylinux2014_x86_64.manylinux_2_17_x86_64.whl (9.5 MB)
   ━━━━━━━━━━━━━━━━━━━━━━━━━━━━━━━━━━━━━━━━ 9.5/9.5 MB 77.4 MB/s  0:00:00
Downloading joblib-1.5.2-py3-none-any.whl (308 kB)
Downloading threadpoolctl-3.6.0-py3-none-any.whl (18 kB)
Downloading traitlets-5.14.3-py3-none-any.whl (85 kB)
Downloading configargparse-1.7.1-py3-none-any.whl (25 kB)
Downloading decorator-5.2.1-py3-none-any.whl (9.2 kB)
Downloading importlib_metadata-8.7.0-py3-none-any.whl (27 kB)
Downloading zipp-3.23.0-py3-none-any.whl (10 kB)
Downloading ipython_pygments_lexers-1.1.1-py3-none-any.whl (8.1 kB)
Downloading matplotlib_inline-0.2.1-py3-none-any.whl (9.5 kB)
Downloading nest_asyncio-1.6.0-py3-none-any.whl (5.2 kB)
Downloading pyquaternion-0.9.9-py3-none-any.whl (14 kB)
Downloading retrying-1.4.2-py3-none-any.whl (10 kB)
Downloading stack_data-0.6.3-py3-none-any.whl (24 kB)
Downloading asttokens-3.0.0-py3-none-any.whl (26 kB)
Downloading executing-2.2.1-py2.py3-none-any.whl (28 kB)
Downloading pure_eval-0.2.3-py3-none-any.whl (11 kB)
Downloading wcwidth-0.2.14-py2.py3-none-any.whl (37 kB)
Installing collected packages: pure-eval, ptyprocess, fastjsonschema, zipp, widgetsnbextension, werkzeug, wcwidth, traitlets, threadpoolctl, rpds-py, retrying, pyquaternion, platformdirs, pexpect, parso, nest-asyncio, narwhals, jupyterlab_widgets, joblib, itsdangerous, ipython-pygments-lexers, executing, decorator, configargparse, comm, blinker, attrs, asttokens, stack_data, scikit-learn, referencing, prompt_toolkit, plotly, matplotlib-inline, jupyter-core, jedi, importlib-metadata, flask, jsonschema-specifications, ipython, dash, jsonschema, ipywidgets, nbformat, open3d
Successfully installed asttokens-3.0.0 attrs-25.4.0 blinker-1.9.0 comm-0.2.3 configargparse-1.7.1 dash-3.2.0 decorator-5.2.1 executing-2.2.1 fastjsonschema-2.21.2 flask-3.1.2 importlib-metadata-8.7.0 ipython-9.6.0 ipython-pygments-lexers-1.1.1 ipywidgets-8.1.7 itsdangerous-2.2.0 jedi-0.19.2 joblib-1.5.2 jsonschema-4.25.1 jsonschema-specifications-2025.9.1 jupyter-core-5.9.1 jupyterlab_widgets-3.0.15 matplotlib-inline-0.2.1 narwhals-2.10.0 nbformat-5.10.4 nest-asyncio-1.6.0 open3d-0.19.0 parso-0.8.5 pexpect-4.9.0 platformdirs-4.5.0 plotly-6.3.1 prompt_toolkit-3.0.52 ptyprocess-0.7.0 pure-eval-0.2.3 pyquaternion-0.9.9 referencing-0.37.0 retrying-1.4.2 rpds-py-0.28.0 scikit-learn-1.7.2 stack_data-0.6.3 threadpoolctl-3.6.0 traitlets-5.14.3 wcwidth-0.2.14 werkzeug-3.1.3 widgetsnbextension-4.0.14 zipp-3.23.0
(CVAT) node404@node404-main:~/CVAT$ cd ~/CVAT/data_object_velodyne/training/velodyne
(CVAT) node404@node404-main:~/CVAT/data_object_velodyne/training/velodyne$ python3 bin_to_pcd.py 000000.bin 000000.pcd
Saved: 000000.pcd
(CVAT) node404@node404-main:~/CVAT/data_object_velodyne/training/velodyne$ pwd
/home/node404/CVAT/data_object_velodyne/training/velodyne
(CVAT) node404@node404-main:~/CVAT/data_object_velodyne/training/velodyne$ mv 000000.pcd /home/node404/CVAT/data_object_velodyne/training/velodyne/output
(CVAT) node404@node404-main:~/CVAT/data_object_velodyne/training/velodyne$ python3 bin_to_pcd.py 000001.bin 000001.pcd
Saved: 000001.pcd
(CVAT) node404@node404-main:~/CVAT/data_object_velodyne/training/velodyne$ python3 bin_to_pcd.py 000002.bin 000002.pcd
Saved: 000002.pcd
(CVAT) node404@node404-main:~/CVAT/data_object_velodyne/training/velodyne$ python3 bin_to_pcd.py 000003.bin 000003.pcd
Saved: 000003.pcd
(CVAT) node404@node404-main:~/CVAT/data_object_velodyne/training/velodyne$ python3 bin_to_pcd.py 000004.bin 000004.pcd
Saved: 000004.pcd
(CVAT) node404@node404-main:~/CVAT/data_object_velodyne/training/velodyne$ python3 bin_to_pcd.py 000005.bin 000005.pcd
Saved: 000005.pcd
(CVAT) node404@node404-main:~/CVAT/data_object_velodyne/training/velodyne$ mv 000001.pcd 000002.pcd 000003.pcd 000004.pcd 000005.pcd /home/node404/CVAT/data_object_velodyne/training/velodyne/output
(CVAT) node404@node404-main:~/CVAT/data_object_velodyne/training/velodyne$ pwd
/home/node404/CVAT/data_object_velodyne/training/velodyne
(CVAT) node404@node404-main:~/CVAT/data_object_velodyne/training/velodyne$ cd output
(CVAT) node404@node404-main:~/CVAT/data_object_velodyne/training/velodyne/output$ tree
.
├── 000000.pcd
├── 000001.pcd
├── 000002.pcd
├── 000003.pcd
├── 000004.pcd
└── 000005.pcd

1 directory, 6 files
(CVAT) node404@node404-main:~/CVAT/data_object_velodyne/training/velodyne/output$ zip -r test.zip ./
  adding: 000002.pcd (deflated 43%)
  adding: 000004.pcd (deflated 42%)
  adding: 000005.pcd (deflated 40%)
  adding: 000003.pcd (deflated 42%)
  adding: 000000.pcd (deflated 42%)
  adding: 000001.pcd (deflated 41%)
(CVAT) node404@node404-main:~/CVAT/data_object_velodyne/training/velodyne/output$ tree
.
├── 000000.pcd
├── 000001.pcd
├── 000002.pcd
├── 000003.pcd
├── 000004.pcd
├── 000005.pcd
└── test.zip

1 directory, 7 files
(CVAT) node404@node404-main:~/CVAT/data_object_velodyne/training/velodyne/output$ pwd
/home/node404/CVAT/data_object_velodyne/training/velodyne/output
(CVAT) node404@node404-main:~/CVAT/data_object_velodyne/training/velodyne/output$ nautilus ~/CVAT/data_object_velodyne/training/velodyne/output
** Message: 19:24:51.166: Connecting to org.freedesktop.Tracker3.Miner.Files
(CVAT) node404@node404-main:~/CVAT/data_object_velodyne/training/velodyne/output$ 

node404@node404-main:~/Downloads/test_ano_5frame$ tree
.
├── frame_list.txt
├── tracklet_labels.xml
└── velodyne_points
    └── data
        ├── 000000.pcd
        ├── 000001.pcd
        ├── 000002.pcd
        ├── 000003.pcd
        ├── 000004.pcd
        └── 000005.pcd

3 directories, 8 files
node404@node404-main:~/Downloads/test_ano_5frame$ cd ~/Downloads && code KITT_Convert.py
node404@node404-main:~/Downloads$ mv KITT_Convert.py ~/Downloads/test_ano_5frame
node404@node404-main:~/Downloads$ cd test_ano_5frame
node404@node404-main:~/Downloads/test_ano_5frame$ tree
.
├── KITT_Convert.py
├── frame_list.txt
├── tracklet_labels.xml
└── velodyne_points
    └── data
        ├── 000000.pcd
        ├── 000001.pcd
        ├── 000002.pcd
        ├── 000003.pcd
        ├── 000004.pcd
        └── 000005.pcd

3 directories, 9 files
node404@node404-main:~/Downloads/test_ano_5frame$ python3 KITT_Convert.py
node404@node404-main:~/Downloads/test_ano_5frame$ tree
.
├── KITT_Convert.py
├── frame_list.txt
├── label_2
├── tracklet_labels.xml
└── velodyne_points
    └── data
        ├── 000000.pcd
        ├── 000001.pcd
        ├── 000002.pcd
        ├── 000003.pcd
        ├── 000004.pcd
        └── 000005.pcd

4 directories, 9 files
node404@node404-main:~/Downloads/test_ano_5frame$ python3 KITT_Convert.py
Traceback (most recent call last):
  File "/home/node404/Downloads/test_ano_5frame/KITT_Convert.py", line 13, in <module>
    h = float(tracklet.findtext("h"))
        ^^^^^^^^^^^^^^^^^^^^^^^^^^^^^
TypeError: float() argument must be a string or a real number, not 'NoneType'
node404@node404-main:~/Downloads/test_ano_5frame$ python3 KITT_Convert.py
Converted labels saved to: label_2/
node404@node404-main:~/Downloads/test_ano_5frame$ cd label_2 && tree
.
├── 000000.txt
├── 000001.txt
├── 000002.txt
├── 000003.txt
├── 000004.txt
└── 000005.txt

1 directory, 6 files
node404@node404-main:~/Downloads/test_ano_5frame/label_2$ pwd
/home/node404/Downloads/test_ano_5frame/label_2
node404@node404-main:~/Downloads/test_ano_5frame/label_2$ cd /home/node404/Downloads/test_ano_5frame
node404@node404-main:~/Downloads/test_ano_5frame$ tree
.
├── KITT_Convert.py
├── frame_list.txt
├── label_2
│   ├── 000000.txt
│   ├── 000001.txt
│   ├── 000002.txt
│   ├── 000003.txt
│   ├── 000004.txt
│   └── 000005.txt
├── tracklet_labels.xml
└── velodyne_points
    └── data
        ├── 000000.pcd
        ├── 000001.pcd
        ├── 000002.pcd
        ├── 000003.pcd
        ├── 000004.pcd
        └── 000005.pcd

4 directories, 15 files
node404@node404-main:~/Downloads/test_ano_5frame$ mkdir training
node404@node404-main:~/Downloads/test_ano_5frame$ cd training && tree
.
├── calib
├── image_2
├── label_2
│   ├── 000000.txt
│   ├── 000001.txt
│   ├── 000002.txt
│   ├── 000003.txt
│   ├── 000004.txt
│   └── 000005.txt
└── velodyne
    ├── 000000.pcd
    ├── 000001.pcd
    ├── 000002.pcd
    ├── 000003.pcd
    ├── 000004.pcd
    └── 000005.pcd

5 directories, 12 files
node404@node404-main:~/Downloads/test_ano_5frame/training$
